<?xml version="1.0" encoding="UTF-8"?>
<coverage generated="1526411757413" clover="3.2.0">
  <project timestamp="1526411757414" name="All files">
    <metrics statements="351" coveredstatements="195" conditionals="284" coveredconditionals="97" methods="69" coveredmethods="32" elements="704" coveredelements="324" complexity="0" loc="351" ncloc="351" packages="3" files="10" classes="10">
      <package name="src">
        <metrics statements="150" coveredstatements="106" conditionals="137" coveredconditionals="68" methods="23" coveredmethods="17"/>
        <file name="cli.ts" path="/Users/ali/dev/graphql-code-generator/packages/graphql-codegen-cli/src/cli.ts">
          <metrics statements="150" coveredstatements="106" conditionals="137" coveredconditionals="68" methods="23" coveredmethods="17"/>
          <line num="2" count="1" type="cond" truecount="3" falsecount="0"/>
          <line num="3" count="7" type="cond" truecount="2" falsecount="0"/>
          <line num="4" count="14" type="stmt"/>
          <line num="5" count="0" type="stmt"/>
          <line num="6" count="21" type="cond" truecount="2" falsecount="0"/>
          <line num="7" count="7" type="cond" truecount="2" falsecount="0"/>
          <line num="10" count="1" type="cond" truecount="3" falsecount="0"/>
          <line num="11" count="14" type="cond" truecount="1" falsecount="1"/>
          <line num="12" count="7" type="cond" truecount="2" falsecount="0"/>
          <line num="13" count="21" type="stmt"/>
          <line num="15" count="21" type="cond" truecount="1" falsecount="1"/>
          <line num="16" count="42" type="stmt"/>
          <line num="17" count="42" type="cond" truecount="2" falsecount="7"/>
          <line num="18" count="42" type="cond" truecount="1" falsecount="1"/>
          <line num="19" count="42" type="cond" truecount="4" falsecount="2"/>
          <line num="20" count="21" type="stmt"/>
          <line num="21" count="14" type="stmt"/>
          <line num="22" count="0" type="stmt"/>
          <line num="23" count="0" type="stmt"/>
          <line num="25" count="7" type="cond" truecount="5" falsecount="2"/>
          <line num="26" count="0" type="cond" truecount="0" falsecount="6"/>
          <line num="27" count="0" type="cond" truecount="0" falsecount="4"/>
          <line num="28" count="0" type="cond" truecount="0" falsecount="4"/>
          <line num="29" count="0" type="cond" truecount="0" falsecount="2"/>
          <line num="30" count="0" type="stmt"/>
          <line num="32" count="21" type="stmt"/>
          <line num="33" count="42" type="stmt"/>
          <line num="34" count="7" type="cond" truecount="2" falsecount="2"/>
          <line num="37" count="1" type="stmt"/>
          <line num="38" count="1" type="stmt"/>
          <line num="39" count="1" type="stmt"/>
          <line num="40" count="1" type="stmt"/>
          <line num="41" count="1" type="stmt"/>
          <line num="42" count="1" type="stmt"/>
          <line num="43" count="1" type="stmt"/>
          <line num="44" count="1" type="stmt"/>
          <line num="45" count="1" type="stmt"/>
          <line num="46" count="1" type="stmt"/>
          <line num="47" count="1" type="stmt"/>
          <line num="48" count="1" type="stmt"/>
          <line num="49" count="1" type="stmt"/>
          <line num="50" count="1" type="stmt"/>
          <line num="51" count="1" type="stmt"/>
          <line num="52" count="1" type="stmt"/>
          <line num="54" count="0" type="stmt"/>
          <line num="55" count="0" type="stmt"/>
          <line num="57" count="1" type="stmt"/>
          <line num="58" count="0" type="stmt"/>
          <line num="74" count="0" type="stmt"/>
          <line num="76" count="1" type="stmt"/>
          <line num="77" count="0" type="cond" truecount="0" falsecount="2"/>
          <line num="78" count="0" type="stmt"/>
          <line num="80" count="0" type="stmt"/>
          <line num="81" count="0" type="stmt"/>
          <line num="82" count="0" type="stmt"/>
          <line num="84" count="1" type="stmt"/>
          <line num="85" count="7" type="stmt"/>
          <line num="86" count="7" type="stmt"/>
          <line num="87" count="7" type="stmt"/>
          <line num="88" count="7" type="stmt"/>
          <line num="89" count="7" type="stmt"/>
          <line num="90" count="7" type="cond" truecount="4" falsecount="1"/>
          <line num="91" count="0" type="stmt"/>
          <line num="93" count="7" type="cond" truecount="2" falsecount="2"/>
          <line num="94" count="0" type="stmt"/>
          <line num="97" count="7" type="stmt"/>
          <line num="99" count="7" type="stmt"/>
          <line num="100" count="21" type="cond" truecount="3" falsecount="0"/>
          <line num="102" count="7" type="stmt"/>
          <line num="103" count="7" type="stmt"/>
          <line num="104" count="7" type="stmt"/>
          <line num="105" count="7" type="stmt"/>
          <line num="106" count="7" type="cond" truecount="2" falsecount="0"/>
          <line num="107" count="7" type="stmt"/>
          <line num="108" count="7" type="stmt"/>
          <line num="109" count="7" type="cond" truecount="2" falsecount="0"/>
          <line num="110" count="7" type="cond" truecount="2" falsecount="0"/>
          <line num="111" count="7" type="stmt"/>
          <line num="112" count="7" type="stmt"/>
          <line num="113" count="7" type="stmt"/>
          <line num="114" count="7" type="cond" truecount="2" falsecount="0"/>
          <line num="115" count="7" type="stmt"/>
          <line num="116" count="7" type="cond" truecount="2" falsecount="0"/>
          <line num="117" count="2" type="stmt"/>
          <line num="119" count="5" type="cond" truecount="1" falsecount="1"/>
          <line num="120" count="0" type="stmt"/>
          <line num="122" count="5" type="cond" truecount="1" falsecount="1"/>
          <line num="123" count="5" type="stmt"/>
          <line num="125" count="7" type="stmt"/>
          <line num="127" count="7" type="stmt"/>
          <line num="128" count="7" type="cond" truecount="1" falsecount="1"/>
          <line num="129" count="0" type="stmt"/>
          <line num="131" count="7" type="stmt"/>
          <line num="132" count="7" type="stmt"/>
          <line num="133" count="7" type="stmt"/>
          <line num="134" count="119" type="cond" truecount="2" falsecount="0"/>
          <line num="135" count="49" type="stmt"/>
          <line num="138" count="7" type="stmt"/>
          <line num="139" count="7" type="stmt"/>
          <line num="140" count="7" type="stmt"/>
          <line num="141" count="7" type="stmt"/>
          <line num="143" count="7" type="stmt"/>
          <line num="144" count="7" type="stmt"/>
          <line num="145" count="7" type="cond" truecount="3" falsecount="1"/>
          <line num="146" count="7" type="stmt"/>
          <line num="147" count="7" type="stmt"/>
          <line num="148" count="7" type="cond" truecount="1" falsecount="1"/>
          <line num="149" count="0" type="stmt"/>
          <line num="150" count="0" type="cond" truecount="0" falsecount="4"/>
          <line num="151" count="0" type="stmt"/>
          <line num="154" count="0" type="stmt"/>
          <line num="158" count="7" type="stmt"/>
          <line num="159" count="7" type="stmt"/>
          <line num="160" count="7" type="stmt"/>
          <line num="161" count="7" type="cond" truecount="2" falsecount="0"/>
          <line num="162" count="1" type="stmt"/>
          <line num="163" count="1" type="stmt"/>
          <line num="164" count="1" type="stmt"/>
          <line num="166" count="7" type="cond" truecount="2" falsecount="2"/>
          <line num="167" count="0" type="cond" truecount="0" falsecount="2"/>
          <line num="168" count="0" type="stmt"/>
          <line num="170" count="0" type="stmt"/>
          <line num="171" count="0" type="stmt"/>
          <line num="172" count="0" type="cond" truecount="0" falsecount="2"/>
          <line num="173" count="0" type="stmt"/>
          <line num="174" count="0" type="cond" truecount="0" falsecount="2"/>
          <line num="175" count="0" type="cond" truecount="0" falsecount="2"/>
          <line num="176" count="0" type="stmt"/>
          <line num="177" count="0" type="cond" truecount="0" falsecount="5"/>
          <line num="178" count="0" type="stmt"/>
          <line num="181" count="0" type="stmt"/>
          <line num="185" count="0" type="stmt"/>
          <line num="188" count="0" type="stmt"/>
          <line num="196" count="7" type="cond" truecount="3" falsecount="1"/>
          <line num="197" count="7" type="stmt"/>
          <line num="201" count="7" type="stmt"/>
          <line num="202" count="7" type="cond" truecount="1" falsecount="1"/>
          <line num="203" count="7" type="stmt"/>
          <line num="204" count="7" type="cond" truecount="1" falsecount="1"/>
          <line num="205" count="7" type="stmt"/>
          <line num="206" count="7" type="cond" truecount="1" falsecount="1"/>
          <line num="207" count="7" type="stmt"/>
          <line num="209" count="0" type="cond" truecount="0" falsecount="2"/>
          <line num="210" count="0" type="stmt"/>
          <line num="214" count="0" type="cond" truecount="0" falsecount="2"/>
          <line num="215" count="0" type="stmt"/>
          <line num="218" count="0" type="stmt"/>
          <line num="222" count="7" type="stmt"/>
          <line num="223" count="7" type="stmt"/>
          <line num="224" count="7" type="stmt"/>
        </file>
      </package>
      <package name="src.loaders">
        <metrics statements="114" coveredstatements="69" conditionals="55" coveredconditionals="22" methods="21" coveredmethods="11"/>
        <file name="document-loader.ts" path="/Users/ali/dev/graphql-code-generator/packages/graphql-codegen-cli/src/loaders/document-loader.ts">
          <metrics statements="18" coveredstatements="8" conditionals="8" coveredconditionals="0" methods="3" coveredmethods="1"/>
          <line num="2" count="1" type="stmt"/>
          <line num="3" count="1" type="stmt"/>
          <line num="4" count="1" type="stmt"/>
          <line num="5" count="1" type="stmt"/>
          <line num="6" count="1" type="stmt"/>
          <line num="7" count="1" type="stmt"/>
          <line num="8" count="0" type="cond" truecount="0" falsecount="2"/>
          <line num="9" count="0" type="stmt"/>
          <line num="10" count="0" type="stmt"/>
          <line num="11" count="0" type="cond" truecount="0" falsecount="4"/>
          <line num="12" count="0" type="stmt"/>
          <line num="14" count="0" type="stmt"/>
          <line num="15" count="0" type="cond" truecount="0" falsecount="2"/>
          <line num="16" count="0" type="stmt"/>
          <line num="19" count="0" type="stmt"/>
          <line num="23" count="0" type="stmt"/>
          <line num="26" count="1" type="stmt"/>
          <line num="27" count="7" type="stmt"/>
        </file>
        <file name="introspection-from-file.ts" path="/Users/ali/dev/graphql-code-generator/packages/graphql-codegen-cli/src/loaders/introspection-from-file.ts">
          <metrics statements="18" coveredstatements="14" conditionals="8" coveredconditionals="4" methods="2" coveredmethods="2"/>
          <line num="2" count="1" type="stmt"/>
          <line num="3" count="1" type="stmt"/>
          <line num="4" count="1" type="stmt"/>
          <line num="5" count="1" type="stmt"/>
          <line num="6" count="2" type="stmt"/>
          <line num="7" count="2" type="stmt"/>
          <line num="8" count="2" type="cond" truecount="1" falsecount="1"/>
          <line num="9" count="2" type="cond" truecount="1" falsecount="1"/>
          <line num="10" count="2" type="stmt"/>
          <line num="11" count="2" type="stmt"/>
          <line num="12" count="2" type="cond" truecount="1" falsecount="1"/>
          <line num="13" count="0" type="stmt"/>
          <line num="15" count="2" type="stmt"/>
          <line num="16" count="2" type="cond" truecount="1" falsecount="1"/>
          <line num="17" count="0" type="stmt"/>
          <line num="19" count="2" type="stmt"/>
          <line num="22" count="0" type="stmt"/>
          <line num="26" count="0" type="stmt"/>
        </file>
        <file name="introspection-from-url.ts" path="/Users/ali/dev/graphql-code-generator/packages/graphql-codegen-cli/src/loaders/introspection-from-url.ts">
          <metrics statements="31" coveredstatements="5" conditionals="19" coveredconditionals="3" methods="8" coveredmethods="0"/>
          <line num="2" count="1" type="cond" truecount="3" falsecount="1"/>
          <line num="3" count="0" type="stmt"/>
          <line num="4" count="0" type="stmt"/>
          <line num="5" count="0" type="cond" truecount="0" falsecount="2"/>
          <line num="6" count="0" type="stmt"/>
          <line num="8" count="0" type="stmt"/>
          <line num="10" count="1" type="stmt"/>
          <line num="11" count="1" type="stmt"/>
          <line num="12" count="1" type="stmt"/>
          <line num="13" count="1" type="stmt"/>
          <line num="14" count="0" type="stmt"/>
          <line num="15" count="0" type="cond" truecount="0" falsecount="2"/>
          <line num="17" count="0" type="stmt"/>
          <line num="18" count="0" type="cond" truecount="0" falsecount="4"/>
          <line num="19" count="0" type="stmt"/>
          <line num="20" count="0" type="stmt"/>
          <line num="21" count="0" type="stmt"/>
          <line num="25" count="0" type="stmt"/>
          <line num="28" count="0" type="stmt"/>
          <line num="29" count="0" type="stmt"/>
          <line num="30" count="0" type="stmt"/>
          <line num="31" count="0" type="stmt"/>
          <line num="32" count="0" type="stmt"/>
          <line num="39" count="0" type="cond" truecount="0" falsecount="2"/>
          <line num="40" count="0" type="stmt"/>
          <line num="41" count="0" type="stmt"/>
          <line num="43" count="0" type="stmt"/>
          <line num="44" count="0" type="cond" truecount="0" falsecount="5"/>
          <line num="45" count="0" type="stmt"/>
          <line num="46" count="0" type="stmt"/>
          <line num="48" count="0" type="stmt"/>
        </file>
        <file name="schema-from-export.ts" path="/Users/ali/dev/graphql-code-generator/packages/graphql-codegen-cli/src/loaders/schema-from-export.ts">
          <metrics statements="33" coveredstatements="28" conditionals="20" coveredconditionals="15" methods="6" coveredmethods="6"/>
          <line num="2" count="1" type="stmt"/>
          <line num="3" count="1" type="stmt"/>
          <line num="4" count="1" type="stmt"/>
          <line num="5" count="1" type="stmt"/>
          <line num="6" count="1" type="stmt"/>
          <line num="7" count="5" type="stmt"/>
          <line num="8" count="5" type="stmt"/>
          <line num="9" count="5" type="cond" truecount="1" falsecount="1"/>
          <line num="10" count="5" type="cond" truecount="1" falsecount="1"/>
          <line num="11" count="5" type="stmt"/>
          <line num="12" count="5" type="stmt"/>
          <line num="13" count="5" type="cond" truecount="1" falsecount="1"/>
          <line num="14" count="5" type="cond" truecount="2" falsecount="0"/>
          <line num="15" count="5" type="cond" truecount="1" falsecount="1"/>
          <line num="16" count="5" type="cond" truecount="2" falsecount="0"/>
          <line num="17" count="2" type="stmt"/>
          <line num="19" count="3" type="cond" truecount="2" falsecount="0"/>
          <line num="20" count="1" type="stmt"/>
          <line num="22" count="2" type="cond" truecount="2" falsecount="0"/>
          <line num="23" count="1" type="stmt"/>
          <line num="24" count="1" type="stmt"/>
          <line num="26" count="1" type="cond" truecount="1" falsecount="1"/>
          <line num="27" count="1" type="stmt"/>
          <line num="30" count="0" type="stmt"/>
          <line num="34" count="0" type="stmt"/>
          <line num="38" count="0" type="stmt"/>
          <line num="42" count="0" type="stmt"/>
          <line num="46" count="0" type="stmt"/>
          <line num="51" count="2" type="stmt"/>
          <line num="54" count="1" type="stmt"/>
          <line num="55" count="1" type="cond" truecount="2" falsecount="0"/>
          <line num="58" count="5" type="stmt"/>
          <line num="61" count="3" type="stmt"/>
        </file>
        <file name="templates-scanner.ts" path="/Users/ali/dev/graphql-code-generator/packages/graphql-codegen-cli/src/loaders/templates-scanner.ts">
          <metrics statements="14" coveredstatements="14" conditionals="0" coveredconditionals="0" methods="2" coveredmethods="2"/>
          <line num="2" count="2" type="stmt"/>
          <line num="3" count="2" type="stmt"/>
          <line num="4" count="2" type="stmt"/>
          <line num="5" count="2" type="stmt"/>
          <line num="6" count="2" type="stmt"/>
          <line num="8" count="1" type="stmt"/>
          <line num="9" count="1" type="stmt"/>
          <line num="10" count="1" type="stmt"/>
          <line num="11" count="1" type="stmt"/>
          <line num="12" count="1" type="stmt"/>
          <line num="13" count="1" type="stmt"/>
          <line num="14" count="1" type="stmt"/>
          <line num="15" count="1" type="stmt"/>
          <line num="18" count="2" type="stmt"/>
        </file>
      </package>
      <package name="src.utils">
        <metrics statements="87" coveredstatements="20" conditionals="92" coveredconditionals="7" methods="25" coveredmethods="4"/>
        <file name="document-finder.ts" path="/Users/ali/dev/graphql-code-generator/packages/graphql-codegen-cli/src/utils/document-finder.ts">
          <metrics statements="17" coveredstatements="15" conditionals="10" coveredconditionals="6" methods="2" coveredmethods="2"/>
          <line num="2" count="2" type="stmt"/>
          <line num="3" count="2" type="stmt"/>
          <line num="4" count="2" type="stmt"/>
          <line num="5" count="2" type="stmt"/>
          <line num="6" count="5" type="stmt"/>
          <line num="7" count="5" type="stmt"/>
          <line num="8" count="1" type="cond" truecount="1" falsecount="1"/>
          <line num="9" count="1" type="stmt"/>
          <line num="13" count="4" type="stmt"/>
          <line num="14" count="4" type="stmt"/>
          <line num="19" count="4" type="stmt"/>
          <line num="20" count="4" type="cond" truecount="1" falsecount="1"/>
          <line num="21" count="0" type="stmt"/>
          <line num="23" count="4" type="cond" truecount="1" falsecount="1"/>
          <line num="24" count="4" type="cond" truecount="3" falsecount="1"/>
          <line num="25" count="0" type="stmt"/>
          <line num="28" count="4" type="stmt"/>
        </file>
        <file name="documents-glob.ts" path="/Users/ali/dev/graphql-code-generator/packages/graphql-codegen-cli/src/utils/documents-glob.ts">
          <metrics statements="13" coveredstatements="5" conditionals="8" coveredconditionals="1" methods="6" coveredmethods="2"/>
          <line num="2" count="1" type="stmt"/>
          <line num="3" count="1" type="stmt"/>
          <line num="4" count="1" type="stmt"/>
          <line num="5" count="7" type="stmt"/>
          <line num="6" count="0" type="stmt"/>
          <line num="7" count="0" type="stmt"/>
          <line num="8" count="0" type="cond" truecount="0" falsecount="2"/>
          <line num="9" count="0" type="stmt"/>
          <line num="11" count="0" type="cond" truecount="0" falsecount="4"/>
          <line num="12" count="0" type="stmt"/>
          <line num="14" count="0" type="stmt"/>
          <line num="18" count="7" type="cond" truecount="1" falsecount="1"/>
          <line num="21" count="0" type="stmt"/>
        </file>
        <file name="file-exists.ts" path="/Users/ali/dev/graphql-code-generator/packages/graphql-codegen-cli/src/utils/file-exists.ts">
          <metrics statements="6" coveredstatements="0" conditionals="0" coveredconditionals="0" methods="1" coveredmethods="0"/>
          <line num="2" count="0" type="stmt"/>
          <line num="3" count="0" type="stmt"/>
          <line num="5" count="0" type="stmt"/>
          <line num="6" count="0" type="stmt"/>
          <line num="9" count="0" type="stmt"/>
          <line num="12" count="0" type="stmt"/>
        </file>
        <file name="prettier.ts" path="/Users/ali/dev/graphql-code-generator/packages/graphql-codegen-cli/src/utils/prettier.ts">
          <metrics statements="51" coveredstatements="0" conditionals="74" coveredconditionals="0" methods="16" coveredmethods="0"/>
          <line num="2" count="0" type="cond" truecount="0" falsecount="4"/>
          <line num="3" count="0" type="stmt"/>
          <line num="4" count="0" type="stmt"/>
          <line num="5" count="0" type="cond" truecount="0" falsecount="2"/>
          <line num="6" count="0" type="stmt"/>
          <line num="8" count="0" type="stmt"/>
          <line num="10" count="0" type="cond" truecount="0" falsecount="3"/>
          <line num="11" count="0" type="cond" truecount="0" falsecount="2"/>
          <line num="12" count="0" type="stmt"/>
          <line num="13" count="0" type="stmt"/>
          <line num="14" count="0" type="cond" truecount="0" falsecount="2"/>
          <line num="15" count="0" type="cond" truecount="0" falsecount="2"/>
          <line num="18" count="0" type="cond" truecount="0" falsecount="3"/>
          <line num="19" count="0" type="cond" truecount="0" falsecount="2"/>
          <line num="20" count="0" type="cond" truecount="0" falsecount="2"/>
          <line num="21" count="0" type="stmt"/>
          <line num="23" count="0" type="cond" truecount="0" falsecount="2"/>
          <line num="24" count="0" type="stmt"/>
          <line num="25" count="0" type="cond" truecount="0" falsecount="9"/>
          <line num="26" count="0" type="cond" truecount="0" falsecount="2"/>
          <line num="27" count="0" type="cond" truecount="0" falsecount="6"/>
          <line num="28" count="0" type="stmt"/>
          <line num="29" count="0" type="stmt"/>
          <line num="30" count="0" type="stmt"/>
          <line num="31" count="0" type="stmt"/>
          <line num="33" count="0" type="cond" truecount="0" falsecount="7"/>
          <line num="34" count="0" type="cond" truecount="0" falsecount="6"/>
          <line num="35" count="0" type="cond" truecount="0" falsecount="4"/>
          <line num="36" count="0" type="cond" truecount="0" falsecount="4"/>
          <line num="37" count="0" type="cond" truecount="0" falsecount="2"/>
          <line num="38" count="0" type="stmt"/>
          <line num="40" count="0" type="stmt"/>
          <line num="41" count="0" type="stmt"/>
          <line num="42" count="0" type="cond" truecount="0" falsecount="4"/>
          <line num="45" count="0" type="stmt"/>
          <line num="46" count="0" type="stmt"/>
          <line num="47" count="0" type="stmt"/>
          <line num="48" count="0" type="stmt"/>
          <line num="66" count="0" type="stmt"/>
          <line num="68" count="0" type="stmt"/>
          <line num="69" count="0" type="cond" truecount="0" falsecount="4"/>
          <line num="71" count="0" type="stmt"/>
          <line num="72" count="0" type="stmt"/>
          <line num="73" count="0" type="stmt"/>
          <line num="74" count="0" type="stmt"/>
          <line num="76" count="0" type="stmt"/>
          <line num="77" count="0" type="cond" truecount="0" falsecount="2"/>
          <line num="79" count="0" type="stmt"/>
          <line num="80" count="0" type="stmt"/>
          <line num="81" count="0" type="stmt"/>
          <line num="86" count="0" type="stmt"/>
        </file>
      </package>
    </metrics>
  </project>
</coverage>
