{"/Users/ali/dev/graphql-code-generator/packages/graphql-codegen-cli/src/cli.ts": {"path":"/Users/ali/dev/graphql-code-generator/packages/graphql-codegen-cli/src/cli.ts","statementMap":{"0":{"start":{"line":2,"column":16},"end":{"line":9,"column":1}},"1":{"start":{"line":3,"column":4},"end":{"line":8,"column":7}},"2":{"start":{"line":4,"column":36},"end":{"line":4,"column":97}},"3":{"start":{"line":4,"column":42},"end":{"line":4,"column":70}},"4":{"start":{"line":4,"column":85},"end":{"line":4,"column":95}},"5":{"start":{"line":5,"column":35},"end":{"line":5,"column":100}},"6":{"start":{"line":5,"column":41},"end":{"line":5,"column":73}},"7":{"start":{"line":5,"column":88},"end":{"line":5,"column":98}},"8":{"start":{"line":6,"column":32},"end":{"line":6,"column":149}},"9":{"start":{"line":6,"column":97},"end":{"line":6,"column":119}},"10":{"start":{"line":7,"column":8},"end":{"line":7,"column":78}},"11":{"start":{"line":10,"column":18},"end":{"line":36,"column":1}},"12":{"start":{"line":11,"column":12},"end":{"line":11,"column":104}},"13":{"start":{"line":11,"column":43},"end":{"line":11,"column":68}},"14":{"start":{"line":11,"column":57},"end":{"line":11,"column":68}},"15":{"start":{"line":11,"column":69},"end":{"line":11,"column":81}},"16":{"start":{"line":12,"column":4},"end":{"line":12,"column":157}},"17":{"start":{"line":12,"column":138},"end":{"line":12,"column":150}},"18":{"start":{"line":13,"column":23},"end":{"line":13,"column":68}},"19":{"start":{"line":13,"column":45},"end":{"line":13,"column":65}},"20":{"start":{"line":15,"column":8},"end":{"line":15,"column":70}},"21":{"start":{"line":15,"column":15},"end":{"line":15,"column":70}},"22":{"start":{"line":16,"column":8},"end":{"line":33,"column":66}},"23":{"start":{"line":16,"column":18},"end":{"line":33,"column":66}},"24":{"start":{"line":17,"column":12},"end":{"line":17,"column":127}},"25":{"start":{"line":17,"column":118},"end":{"line":17,"column":127}},"26":{"start":{"line":18,"column":12},"end":{"line":18,"column":44}},"27":{"start":{"line":18,"column":26},"end":{"line":18,"column":44}},"28":{"start":{"line":19,"column":12},"end":{"line":31,"column":13}},"29":{"start":{"line":20,"column":32},"end":{"line":20,"column":39}},"30":{"start":{"line":20,"column":40},"end":{"line":20,"column":46}},"31":{"start":{"line":21,"column":24},"end":{"line":21,"column":34}},"32":{"start":{"line":21,"column":35},"end":{"line":21,"column":72}},"33":{"start":{"line":22,"column":24},"end":{"line":22,"column":34}},"34":{"start":{"line":22,"column":35},"end":{"line":22,"column":45}},"35":{"start":{"line":22,"column":46},"end":{"line":22,"column":55}},"36":{"start":{"line":22,"column":56},"end":{"line":22,"column":65}},"37":{"start":{"line":23,"column":24},"end":{"line":23,"column":41}},"38":{"start":{"line":23,"column":42},"end":{"line":23,"column":55}},"39":{"start":{"line":23,"column":56},"end":{"line":23,"column":65}},"40":{"start":{"line":25,"column":20},"end":{"line":25,"column":128}},"41":{"start":{"line":25,"column":110},"end":{"line":25,"column":116}},"42":{"start":{"line":25,"column":117},"end":{"line":25,"column":126}},"43":{"start":{"line":26,"column":20},"end":{"line":26,"column":106}},"44":{"start":{"line":26,"column":81},"end":{"line":26,"column":97}},"45":{"start":{"line":26,"column":98},"end":{"line":26,"column":104}},"46":{"start":{"line":27,"column":20},"end":{"line":27,"column":89}},"47":{"start":{"line":27,"column":57},"end":{"line":27,"column":72}},"48":{"start":{"line":27,"column":73},"end":{"line":27,"column":80}},"49":{"start":{"line":27,"column":81},"end":{"line":27,"column":87}},"50":{"start":{"line":28,"column":20},"end":{"line":28,"column":87}},"51":{"start":{"line":28,"column":47},"end":{"line":28,"column":62}},"52":{"start":{"line":28,"column":63},"end":{"line":28,"column":78}},"53":{"start":{"line":28,"column":79},"end":{"line":28,"column":85}},"54":{"start":{"line":29,"column":20},"end":{"line":29,"column":42}},"55":{"start":{"line":29,"column":30},"end":{"line":29,"column":42}},"56":{"start":{"line":30,"column":20},"end":{"line":30,"column":33}},"57":{"start":{"line":30,"column":34},"end":{"line":30,"column":43}},"58":{"start":{"line":32,"column":12},"end":{"line":32,"column":39}},"59":{"start":{"line":33,"column":22},"end":{"line":33,"column":34}},"60":{"start":{"line":33,"column":35},"end":{"line":33,"column":41}},"61":{"start":{"line":33,"column":54},"end":{"line":33,"column":64}},"62":{"start":{"line":34,"column":8},"end":{"line":34,"column":35}},"63":{"start":{"line":34,"column":23},"end":{"line":34,"column":35}},"64":{"start":{"line":34,"column":36},"end":{"line":34,"column":89}},"65":{"start":{"line":37,"column":12},"end":{"line":37,"column":16}},"66":{"start":{"line":38,"column":0},"end":{"line":38,"column":62}},"67":{"start":{"line":39,"column":16},"end":{"line":39,"column":36}},"68":{"start":{"line":40,"column":32},"end":{"line":40,"column":76}},"69":{"start":{"line":41,"column":31},"end":{"line":41,"column":74}},"70":{"start":{"line":42,"column":27},"end":{"line":42,"column":66}},"71":{"start":{"line":43,"column":23},"end":{"line":43,"column":56}},"72":{"start":{"line":44,"column":33},"end":{"line":44,"column":68}},"73":{"start":{"line":45,"column":29},"end":{"line":45,"column":60}},"74":{"start":{"line":46,"column":24},"end":{"line":46,"column":60}},"75":{"start":{"line":47,"column":11},"end":{"line":47,"column":26}},"76":{"start":{"line":48,"column":9},"end":{"line":48,"column":22}},"77":{"start":{"line":49,"column":26},"end":{"line":49,"column":64}},"78":{"start":{"line":50,"column":35},"end":{"line":50,"column":72}},"79":{"start":{"line":51,"column":13},"end":{"line":51,"column":30}},"80":{"start":{"line":52,"column":0},"end":{"line":52,"column":47}},"81":{"start":{"line":54,"column":4},"end":{"line":54,"column":19}},"82":{"start":{"line":55,"column":4},"end":{"line":55,"column":16}},"83":{"start":{"line":57,"column":0},"end":{"line":75,"column":2}},"84":{"start":{"line":58,"column":4},"end":{"line":73,"column":21}},"85":{"start":{"line":74,"column":4},"end":{"line":74,"column":21}},"86":{"start":{"line":76,"column":0},"end":{"line":83,"column":2}},"87":{"start":{"line":77,"column":4},"end":{"line":79,"column":5}},"88":{"start":{"line":78,"column":8},"end":{"line":78,"column":25}},"89":{"start":{"line":80,"column":4},"end":{"line":80,"column":35}},"90":{"start":{"line":81,"column":4},"end":{"line":81,"column":20}},"91":{"start":{"line":82,"column":4},"end":{"line":82,"column":11}},"92":{"start":{"line":84,"column":0},"end":{"line":96,"column":2}},"93":{"start":{"line":85,"column":15},"end":{"line":85,"column":27}},"94":{"start":{"line":86,"column":14},"end":{"line":86,"column":25}},"95":{"start":{"line":87,"column":19},"end":{"line":87,"column":33}},"96":{"start":{"line":88,"column":19},"end":{"line":88,"column":35}},"97":{"start":{"line":89,"column":18},"end":{"line":89,"column":33}},"98":{"start":{"line":90,"column":4},"end":{"line":92,"column":5}},"99":{"start":{"line":91,"column":8},"end":{"line":91,"column":83}},"100":{"start":{"line":93,"column":4},"end":{"line":95,"column":5}},"101":{"start":{"line":94,"column":8},"end":{"line":94,"column":139}},"102":{"start":{"line":97,"column":0},"end":{"line":231,"column":6}},"103":{"start":{"line":97,"column":50},"end":{"line":231,"column":3}},"104":{"start":{"line":99,"column":4},"end":{"line":230,"column":7}},"105":{"start":{"line":100,"column":8},"end":{"line":229,"column":9}},"106":{"start":{"line":102,"column":16},"end":{"line":102,"column":52}},"107":{"start":{"line":103,"column":16},"end":{"line":103,"column":36}},"108":{"start":{"line":104,"column":16},"end":{"line":104,"column":34}},"109":{"start":{"line":105,"column":16},"end":{"line":105,"column":42}},"110":{"start":{"line":106,"column":16},"end":{"line":106,"column":47}},"111":{"start":{"line":107,"column":16},"end":{"line":107,"column":44}},"112":{"start":{"line":108,"column":16},"end":{"line":108,"column":42}},"113":{"start":{"line":109,"column":16},"end":{"line":109,"column":74}},"114":{"start":{"line":110,"column":16},"end":{"line":110,"column":42}},"115":{"start":{"line":111,"column":16},"end":{"line":111,"column":41}},"116":{"start":{"line":112,"column":16},"end":{"line":112,"column":48}},"117":{"start":{"line":113,"column":16},"end":{"line":113,"column":54}},"118":{"start":{"line":114,"column":16},"end":{"line":114,"column":57}},"119":{"start":{"line":115,"column":16},"end":{"line":115,"column":82}},"120":{"start":{"line":115,"column":58},"end":{"line":115,"column":78}},"121":{"start":{"line":116,"column":16},"end":{"line":124,"column":17}},"122":{"start":{"line":117,"column":20},"end":{"line":117,"column":154}},"123":{"start":{"line":119,"column":21},"end":{"line":124,"column":17}},"124":{"start":{"line":120,"column":20},"end":{"line":120,"column":160}},"125":{"start":{"line":122,"column":21},"end":{"line":124,"column":17}},"126":{"start":{"line":123,"column":20},"end":{"line":123,"column":90}},"127":{"start":{"line":125,"column":16},"end":{"line":125,"column":58}},"128":{"start":{"line":127,"column":16},"end":{"line":127,"column":42}},"129":{"start":{"line":128,"column":16},"end":{"line":130,"column":17}},"130":{"start":{"line":129,"column":20},"end":{"line":129,"column":70}},"131":{"start":{"line":131,"column":16},"end":{"line":131,"column":88}},"132":{"start":{"line":132,"column":16},"end":{"line":132,"column":119}},"133":{"start":{"line":133,"column":16},"end":{"line":137,"column":19}},"134":{"start":{"line":134,"column":20},"end":{"line":136,"column":21}},"135":{"start":{"line":135,"column":24},"end":{"line":135,"column":104}},"136":{"start":{"line":138,"column":16},"end":{"line":138,"column":62}},"137":{"start":{"line":139,"column":16},"end":{"line":139,"column":37}},"138":{"start":{"line":140,"column":16},"end":{"line":140,"column":60}},"139":{"start":{"line":141,"column":16},"end":{"line":141,"column":85}},"140":{"start":{"line":143,"column":16},"end":{"line":143,"column":100}},"141":{"start":{"line":144,"column":16},"end":{"line":144,"column":38}},"142":{"start":{"line":145,"column":16},"end":{"line":157,"column":17}},"143":{"start":{"line":146,"column":20},"end":{"line":146,"column":104}},"144":{"start":{"line":147,"column":20},"end":{"line":147,"column":95}},"145":{"start":{"line":148,"column":20},"end":{"line":156,"column":21}},"146":{"start":{"line":149,"column":24},"end":{"line":149,"column":63}},"147":{"start":{"line":150,"column":24},"end":{"line":155,"column":25}},"148":{"start":{"line":151,"column":28},"end":{"line":151,"column":77}},"149":{"start":{"line":154,"column":28},"end":{"line":154,"column":72}},"150":{"start":{"line":158,"column":16},"end":{"line":158,"column":98}},"151":{"start":{"line":159,"column":16},"end":{"line":159,"column":79}},"152":{"start":{"line":160,"column":16},"end":{"line":160,"column":30}},"153":{"start":{"line":161,"column":16},"end":{"line":165,"column":17}},"154":{"start":{"line":162,"column":20},"end":{"line":162,"column":74}},"155":{"start":{"line":163,"column":20},"end":{"line":163,"column":80}},"156":{"start":{"line":164,"column":20},"end":{"line":164,"column":110}},"157":{"start":{"line":166,"column":16},"end":{"line":195,"column":17}},"158":{"start":{"line":167,"column":20},"end":{"line":169,"column":21}},"159":{"start":{"line":168,"column":24},"end":{"line":168,"column":141}},"160":{"start":{"line":170,"column":20},"end":{"line":170,"column":140}},"161":{"start":{"line":171,"column":20},"end":{"line":171,"column":43}},"162":{"start":{"line":172,"column":20},"end":{"line":187,"column":23}},"163":{"start":{"line":173,"column":39},"end":{"line":173,"column":71}},"164":{"start":{"line":174,"column":43},"end":{"line":174,"column":119}},"165":{"start":{"line":175,"column":24},"end":{"line":186,"column":25}},"166":{"start":{"line":176,"column":47},"end":{"line":176,"column":68}},"167":{"start":{"line":177,"column":28},"end":{"line":182,"column":29}},"168":{"start":{"line":178,"column":32},"end":{"line":178,"column":77}},"169":{"start":{"line":181,"column":32},"end":{"line":181,"column":134}},"170":{"start":{"line":185,"column":28},"end":{"line":185,"column":128}},"171":{"start":{"line":188,"column":20},"end":{"line":194,"column":22}},"172":{"start":{"line":196,"column":16},"end":{"line":196,"column":83}},"173":{"start":{"line":197,"column":16},"end":{"line":228,"column":24}},"174":{"start":{"line":201,"column":41},"end":{"line":201,"column":54}},"175":{"start":{"line":202,"column":24},"end":{"line":221,"column":25}},"176":{"start":{"line":203,"column":43},"end":{"line":203,"column":75}},"177":{"start":{"line":204,"column":28},"end":{"line":220,"column":29}},"178":{"start":{"line":205,"column":44},"end":{"line":205,"column":66}},"179":{"start":{"line":206,"column":32},"end":{"line":211,"column":33}},"180":{"start":{"line":207,"column":36},"end":{"line":207,"column":87}},"181":{"start":{"line":209,"column":37},"end":{"line":211,"column":33}},"182":{"start":{"line":210,"column":36},"end":{"line":210,"column":58}},"183":{"start":{"line":214,"column":32},"end":{"line":219,"column":33}},"184":{"start":{"line":215,"column":36},"end":{"line":215,"column":87}},"185":{"start":{"line":218,"column":36},"end":{"line":218,"column":58}},"186":{"start":{"line":222,"column":40},"end":{"line":222,"column":64}},"187":{"start":{"line":223,"column":24},"end":{"line":223,"column":47}},"188":{"start":{"line":224,"column":24},"end":{"line":227,"column":26}}},"fnMap":{"0":{"name":"(anonymous_0)","decl":{"start":{"line":2,"column":44},"end":{"line":2,"column":45}},"loc":{"start":{"line":2,"column":89},"end":{"line":9,"column":1}},"line":2},"1":{"name":"(anonymous_1)","decl":{"start":{"line":3,"column":36},"end":{"line":3,"column":37}},"loc":{"start":{"line":3,"column":63},"end":{"line":8,"column":5}},"line":3},"2":{"name":"fulfilled","decl":{"start":{"line":4,"column":17},"end":{"line":4,"column":26}},"loc":{"start":{"line":4,"column":34},"end":{"line":4,"column":99}},"line":4},"3":{"name":"rejected","decl":{"start":{"line":5,"column":17},"end":{"line":5,"column":25}},"loc":{"start":{"line":5,"column":33},"end":{"line":5,"column":102}},"line":5},"4":{"name":"step","decl":{"start":{"line":6,"column":17},"end":{"line":6,"column":21}},"loc":{"start":{"line":6,"column":30},"end":{"line":6,"column":151}},"line":6},"5":{"name":"(anonymous_5)","decl":{"start":{"line":6,"column":76},"end":{"line":6,"column":77}},"loc":{"start":{"line":6,"column":95},"end":{"line":6,"column":121}},"line":6},"6":{"name":"(anonymous_6)","decl":{"start":{"line":10,"column":48},"end":{"line":10,"column":49}},"loc":{"start":{"line":10,"column":73},"end":{"line":36,"column":1}},"line":10},"7":{"name":"(anonymous_7)","decl":{"start":{"line":11,"column":30},"end":{"line":11,"column":31}},"loc":{"start":{"line":11,"column":41},"end":{"line":11,"column":83}},"line":11},"8":{"name":"(anonymous_8)","decl":{"start":{"line":12,"column":125},"end":{"line":12,"column":126}},"loc":{"start":{"line":12,"column":136},"end":{"line":12,"column":152}},"line":12},"9":{"name":"verb","decl":{"start":{"line":13,"column":13},"end":{"line":13,"column":17}},"loc":{"start":{"line":13,"column":21},"end":{"line":13,"column":70}},"line":13},"10":{"name":"(anonymous_10)","decl":{"start":{"line":13,"column":30},"end":{"line":13,"column":31}},"loc":{"start":{"line":13,"column":43},"end":{"line":13,"column":67}},"line":13},"11":{"name":"step","decl":{"start":{"line":14,"column":13},"end":{"line":14,"column":17}},"loc":{"start":{"line":14,"column":22},"end":{"line":35,"column":5}},"line":14},"12":{"name":"collect","decl":{"start":{"line":53,"column":9},"end":{"line":53,"column":16}},"loc":{"start":{"line":53,"column":28},"end":{"line":56,"column":1}},"line":53},"13":{"name":"(anonymous_13)","decl":{"start":{"line":57,"column":18},"end":{"line":57,"column":19}},"loc":{"start":{"line":57,"column":34},"end":{"line":75,"column":1}},"line":57},"14":{"name":"(anonymous_14)","decl":{"start":{"line":76,"column":19},"end":{"line":76,"column":20}},"loc":{"start":{"line":76,"column":34},"end":{"line":83,"column":1}},"line":76},"15":{"name":"(anonymous_15)","decl":{"start":{"line":84,"column":29},"end":{"line":84,"column":30}},"loc":{"start":{"line":84,"column":48},"end":{"line":96,"column":1}},"line":84},"16":{"name":"(anonymous_16)","decl":{"start":{"line":97,"column":29},"end":{"line":97,"column":30}},"loc":{"start":{"line":97,"column":48},"end":{"line":231,"column":5}},"line":97},"17":{"name":"(anonymous_17)","decl":{"start":{"line":97,"column":90},"end":{"line":97,"column":91}},"loc":{"start":{"line":97,"column":102},"end":{"line":231,"column":1}},"line":97},"18":{"name":"(anonymous_18)","decl":{"start":{"line":99,"column":29},"end":{"line":99,"column":30}},"loc":{"start":{"line":99,"column":43},"end":{"line":230,"column":5}},"line":99},"19":{"name":"(anonymous_19)","decl":{"start":{"line":115,"column":41},"end":{"line":115,"column":42}},"loc":{"start":{"line":115,"column":56},"end":{"line":115,"column":80}},"line":115},"20":{"name":"(anonymous_20)","decl":{"start":{"line":133,"column":45},"end":{"line":133,"column":46}},"loc":{"start":{"line":133,"column":60},"end":{"line":137,"column":17}},"line":133},"21":{"name":"(anonymous_21)","decl":{"start":{"line":172,"column":64},"end":{"line":172,"column":65}},"loc":{"start":{"line":172,"column":86},"end":{"line":187,"column":21}},"line":172},"22":{"name":"(anonymous_22)","decl":{"start":{"line":200,"column":27},"end":{"line":200,"column":28}},"loc":{"start":{"line":200,"column":43},"end":{"line":228,"column":21}},"line":200}},"branchMap":{"0":{"loc":{"start":{"line":2,"column":16},"end":{"line":9,"column":1}},"type":"binary-expr","locations":[{"start":{"line":2,"column":17},"end":{"line":2,"column":21}},{"start":{"line":2,"column":25},"end":{"line":2,"column":39}},{"start":{"line":2,"column":44},"end":{"line":9,"column":1}}],"line":2},"1":{"loc":{"start":{"line":3,"column":16},"end":{"line":3,"column":34}},"type":"binary-expr","locations":[{"start":{"line":3,"column":16},"end":{"line":3,"column":17}},{"start":{"line":3,"column":22},"end":{"line":3,"column":33}}],"line":3},"2":{"loc":{"start":{"line":6,"column":32},"end":{"line":6,"column":148}},"type":"cond-expr","locations":[{"start":{"line":6,"column":46},"end":{"line":6,"column":67}},{"start":{"line":6,"column":70},"end":{"line":6,"column":148}}],"line":6},"3":{"loc":{"start":{"line":7,"column":51},"end":{"line":7,"column":67}},"type":"binary-expr","locations":[{"start":{"line":7,"column":51},"end":{"line":7,"column":61}},{"start":{"line":7,"column":65},"end":{"line":7,"column":67}}],"line":7},"4":{"loc":{"start":{"line":10,"column":18},"end":{"line":36,"column":1}},"type":"binary-expr","locations":[{"start":{"line":10,"column":19},"end":{"line":10,"column":23}},{"start":{"line":10,"column":27},"end":{"line":10,"column":43}},{"start":{"line":10,"column":48},"end":{"line":36,"column":1}}],"line":10},"5":{"loc":{"start":{"line":11,"column":43},"end":{"line":11,"column":68}},"type":"if","locations":[{"start":{"line":11,"column":43},"end":{"line":11,"column":68}},{"start":{"line":11,"column":43},"end":{"line":11,"column":68}}],"line":11},"6":{"loc":{"start":{"line":12,"column":71},"end":{"line":12,"column":153}},"type":"binary-expr","locations":[{"start":{"line":12,"column":71},"end":{"line":12,"column":99}},{"start":{"line":12,"column":104},"end":{"line":12,"column":152}}],"line":12},"7":{"loc":{"start":{"line":15,"column":8},"end":{"line":15,"column":70}},"type":"if","locations":[{"start":{"line":15,"column":8},"end":{"line":15,"column":70}},{"start":{"line":15,"column":8},"end":{"line":15,"column":70}}],"line":15},"8":{"loc":{"start":{"line":17,"column":12},"end":{"line":17,"column":127}},"type":"if","locations":[{"start":{"line":17,"column":12},"end":{"line":17,"column":127}},{"start":{"line":17,"column":12},"end":{"line":17,"column":127}}],"line":17},"9":{"loc":{"start":{"line":17,"column":23},"end":{"line":17,"column":116}},"type":"binary-expr","locations":[{"start":{"line":17,"column":23},"end":{"line":17,"column":24}},{"start":{"line":17,"column":29},"end":{"line":17,"column":83}},{"start":{"line":17,"column":88},"end":{"line":17,"column":116}}],"line":17},"10":{"loc":{"start":{"line":17,"column":35},"end":{"line":17,"column":82}},"type":"cond-expr","locations":[{"start":{"line":17,"column":47},"end":{"line":17,"column":55}},{"start":{"line":17,"column":58},"end":{"line":17,"column":82}}],"line":17},"11":{"loc":{"start":{"line":17,"column":58},"end":{"line":17,"column":82}},"type":"cond-expr","locations":[{"start":{"line":17,"column":66},"end":{"line":17,"column":73}},{"start":{"line":17,"column":76},"end":{"line":17,"column":82}}],"line":17},"12":{"loc":{"start":{"line":18,"column":12},"end":{"line":18,"column":44}},"type":"if","locations":[{"start":{"line":18,"column":12},"end":{"line":18,"column":44}},{"start":{"line":18,"column":12},"end":{"line":18,"column":44}}],"line":18},"13":{"loc":{"start":{"line":19,"column":12},"end":{"line":31,"column":13}},"type":"switch","locations":[{"start":{"line":20,"column":16},"end":{"line":20,"column":23}},{"start":{"line":20,"column":24},"end":{"line":20,"column":46}},{"start":{"line":21,"column":16},"end":{"line":21,"column":72}},{"start":{"line":22,"column":16},"end":{"line":22,"column":65}},{"start":{"line":23,"column":16},"end":{"line":23,"column":65}},{"start":{"line":24,"column":16},"end":{"line":30,"column":43}}],"line":19},"14":{"loc":{"start":{"line":25,"column":20},"end":{"line":25,"column":128}},"type":"if","locations":[{"start":{"line":25,"column":20},"end":{"line":25,"column":128}},{"start":{"line":25,"column":20},"end":{"line":25,"column":128}}],"line":25},"15":{"loc":{"start":{"line":25,"column":24},"end":{"line":25,"column":106}},"type":"binary-expr","locations":[{"start":{"line":25,"column":24},"end":{"line":25,"column":74}},{"start":{"line":25,"column":79},"end":{"line":25,"column":90}},{"start":{"line":25,"column":94},"end":{"line":25,"column":105}}],"line":25},"16":{"loc":{"start":{"line":25,"column":42},"end":{"line":25,"column":73}},"type":"binary-expr","locations":[{"start":{"line":25,"column":42},"end":{"line":25,"column":54}},{"start":{"line":25,"column":58},"end":{"line":25,"column":73}}],"line":25},"17":{"loc":{"start":{"line":26,"column":20},"end":{"line":26,"column":106}},"type":"if","locations":[{"start":{"line":26,"column":20},"end":{"line":26,"column":106}},{"start":{"line":26,"column":20},"end":{"line":26,"column":106}}],"line":26},"18":{"loc":{"start":{"line":26,"column":24},"end":{"line":26,"column":77}},"type":"binary-expr","locations":[{"start":{"line":26,"column":24},"end":{"line":26,"column":35}},{"start":{"line":26,"column":40},"end":{"line":26,"column":42}},{"start":{"line":26,"column":47},"end":{"line":26,"column":59}},{"start":{"line":26,"column":63},"end":{"line":26,"column":75}}],"line":26},"19":{"loc":{"start":{"line":27,"column":20},"end":{"line":27,"column":89}},"type":"if","locations":[{"start":{"line":27,"column":20},"end":{"line":27,"column":89}},{"start":{"line":27,"column":20},"end":{"line":27,"column":89}}],"line":27},"20":{"loc":{"start":{"line":27,"column":24},"end":{"line":27,"column":53}},"type":"binary-expr","locations":[{"start":{"line":27,"column":24},"end":{"line":27,"column":35}},{"start":{"line":27,"column":39},"end":{"line":27,"column":53}}],"line":27},"21":{"loc":{"start":{"line":28,"column":20},"end":{"line":28,"column":87}},"type":"if","locations":[{"start":{"line":28,"column":20},"end":{"line":28,"column":87}},{"start":{"line":28,"column":20},"end":{"line":28,"column":87}}],"line":28},"22":{"loc":{"start":{"line":28,"column":24},"end":{"line":28,"column":43}},"type":"binary-expr","locations":[{"start":{"line":28,"column":24},"end":{"line":28,"column":25}},{"start":{"line":28,"column":29},"end":{"line":28,"column":43}}],"line":28},"23":{"loc":{"start":{"line":29,"column":20},"end":{"line":29,"column":42}},"type":"if","locations":[{"start":{"line":29,"column":20},"end":{"line":29,"column":42}},{"start":{"line":29,"column":20},"end":{"line":29,"column":42}}],"line":29},"24":{"loc":{"start":{"line":34,"column":8},"end":{"line":34,"column":35}},"type":"if","locations":[{"start":{"line":34,"column":8},"end":{"line":34,"column":35}},{"start":{"line":34,"column":8},"end":{"line":34,"column":35}}],"line":34},"25":{"loc":{"start":{"line":34,"column":52},"end":{"line":34,"column":74}},"type":"cond-expr","locations":[{"start":{"line":34,"column":60},"end":{"line":34,"column":65}},{"start":{"line":34,"column":68},"end":{"line":34,"column":74}}],"line":34},"26":{"loc":{"start":{"line":77,"column":4},"end":{"line":79,"column":5}},"type":"if","locations":[{"start":{"line":77,"column":4},"end":{"line":79,"column":5}},{"start":{"line":77,"column":4},"end":{"line":79,"column":5}}],"line":77},"27":{"loc":{"start":{"line":90,"column":4},"end":{"line":92,"column":5}},"type":"if","locations":[{"start":{"line":90,"column":4},"end":{"line":92,"column":5}},{"start":{"line":90,"column":4},"end":{"line":92,"column":5}}],"line":90},"28":{"loc":{"start":{"line":90,"column":8},"end":{"line":90,"column":34}},"type":"binary-expr","locations":[{"start":{"line":90,"column":8},"end":{"line":90,"column":13}},{"start":{"line":90,"column":17},"end":{"line":90,"column":21}},{"start":{"line":90,"column":25},"end":{"line":90,"column":34}}],"line":90},"29":{"loc":{"start":{"line":93,"column":4},"end":{"line":95,"column":5}},"type":"if","locations":[{"start":{"line":93,"column":4},"end":{"line":95,"column":5}},{"start":{"line":93,"column":4},"end":{"line":95,"column":5}}],"line":93},"30":{"loc":{"start":{"line":93,"column":8},"end":{"line":93,"column":29}},"type":"binary-expr","locations":[{"start":{"line":93,"column":8},"end":{"line":93,"column":17}},{"start":{"line":93,"column":21},"end":{"line":93,"column":29}}],"line":93},"31":{"loc":{"start":{"line":100,"column":8},"end":{"line":229,"column":9}},"type":"switch","locations":[{"start":{"line":101,"column":12},"end":{"line":125,"column":58}},{"start":{"line":126,"column":12},"end":{"line":141,"column":85}},{"start":{"line":142,"column":12},"end":{"line":228,"column":24}}],"line":100},"32":{"loc":{"start":{"line":106,"column":28},"end":{"line":106,"column":46}},"type":"binary-expr","locations":[{"start":{"line":106,"column":28},"end":{"line":106,"column":40}},{"start":{"line":106,"column":44},"end":{"line":106,"column":46}}],"line":106},"33":{"loc":{"start":{"line":109,"column":39},"end":{"line":109,"column":73}},"type":"binary-expr","locations":[{"start":{"line":109,"column":39},"end":{"line":109,"column":53}},{"start":{"line":109,"column":57},"end":{"line":109,"column":73}}],"line":109},"34":{"loc":{"start":{"line":110,"column":22},"end":{"line":110,"column":41}},"type":"binary-expr","locations":[{"start":{"line":110,"column":22},"end":{"line":110,"column":33}},{"start":{"line":110,"column":37},"end":{"line":110,"column":41}}],"line":110},"35":{"loc":{"start":{"line":114,"column":35},"end":{"line":114,"column":56}},"type":"binary-expr","locations":[{"start":{"line":114,"column":35},"end":{"line":114,"column":50}},{"start":{"line":114,"column":54},"end":{"line":114,"column":56}}],"line":114},"36":{"loc":{"start":{"line":116,"column":16},"end":{"line":124,"column":17}},"type":"if","locations":[{"start":{"line":116,"column":16},"end":{"line":124,"column":17}},{"start":{"line":116,"column":16},"end":{"line":124,"column":17}}],"line":116},"37":{"loc":{"start":{"line":119,"column":21},"end":{"line":124,"column":17}},"type":"if","locations":[{"start":{"line":119,"column":21},"end":{"line":124,"column":17}},{"start":{"line":119,"column":21},"end":{"line":124,"column":17}}],"line":119},"38":{"loc":{"start":{"line":122,"column":21},"end":{"line":124,"column":17}},"type":"if","locations":[{"start":{"line":122,"column":21},"end":{"line":124,"column":17}},{"start":{"line":122,"column":21},"end":{"line":124,"column":17}}],"line":122},"39":{"loc":{"start":{"line":128,"column":16},"end":{"line":130,"column":17}},"type":"if","locations":[{"start":{"line":128,"column":16},"end":{"line":130,"column":17}},{"start":{"line":128,"column":16},"end":{"line":130,"column":17}}],"line":128},"40":{"loc":{"start":{"line":134,"column":20},"end":{"line":136,"column":21}},"type":"if","locations":[{"start":{"line":134,"column":20},"end":{"line":136,"column":21}},{"start":{"line":134,"column":20},"end":{"line":136,"column":21}}],"line":134},"41":{"loc":{"start":{"line":145,"column":16},"end":{"line":157,"column":17}},"type":"if","locations":[{"start":{"line":145,"column":16},"end":{"line":157,"column":17}},{"start":{"line":145,"column":16},"end":{"line":157,"column":17}}],"line":145},"42":{"loc":{"start":{"line":145,"column":20},"end":{"line":145,"column":47}},"type":"binary-expr","locations":[{"start":{"line":145,"column":20},"end":{"line":145,"column":28}},{"start":{"line":145,"column":32},"end":{"line":145,"column":47}}],"line":145},"43":{"loc":{"start":{"line":148,"column":20},"end":{"line":156,"column":21}},"type":"if","locations":[{"start":{"line":148,"column":20},"end":{"line":156,"column":21}},{"start":{"line":148,"column":20},"end":{"line":156,"column":21}}],"line":148},"44":{"loc":{"start":{"line":150,"column":24},"end":{"line":155,"column":25}},"type":"if","locations":[{"start":{"line":150,"column":24},"end":{"line":155,"column":25}},{"start":{"line":150,"column":24},"end":{"line":155,"column":25}}],"line":150},"45":{"loc":{"start":{"line":150,"column":28},"end":{"line":150,"column":78}},"type":"binary-expr","locations":[{"start":{"line":150,"column":28},"end":{"line":150,"column":47}},{"start":{"line":150,"column":51},"end":{"line":150,"column":78}}],"line":150},"46":{"loc":{"start":{"line":161,"column":16},"end":{"line":165,"column":17}},"type":"if","locations":[{"start":{"line":161,"column":16},"end":{"line":165,"column":17}},{"start":{"line":161,"column":16},"end":{"line":165,"column":17}}],"line":161},"47":{"loc":{"start":{"line":166,"column":16},"end":{"line":195,"column":17}},"type":"if","locations":[{"start":{"line":166,"column":16},"end":{"line":195,"column":17}},{"start":{"line":166,"column":16},"end":{"line":195,"column":17}}],"line":166},"48":{"loc":{"start":{"line":166,"column":20},"end":{"line":166,"column":45}},"type":"binary-expr","locations":[{"start":{"line":166,"column":20},"end":{"line":166,"column":27}},{"start":{"line":166,"column":31},"end":{"line":166,"column":45}}],"line":166},"49":{"loc":{"start":{"line":167,"column":20},"end":{"line":169,"column":21}},"type":"if","locations":[{"start":{"line":167,"column":20},"end":{"line":169,"column":21}},{"start":{"line":167,"column":20},"end":{"line":169,"column":21}}],"line":167},"50":{"loc":{"start":{"line":172,"column":32},"end":{"line":172,"column":58}},"type":"binary-expr","locations":[{"start":{"line":172,"column":32},"end":{"line":172,"column":52}},{"start":{"line":172,"column":56},"end":{"line":172,"column":58}}],"line":172},"51":{"loc":{"start":{"line":174,"column":43},"end":{"line":174,"column":119}},"type":"cond-expr","locations":[{"start":{"line":174,"column":71},"end":{"line":174,"column":79}},{"start":{"line":174,"column":82},"end":{"line":174,"column":119}}],"line":174},"52":{"loc":{"start":{"line":175,"column":24},"end":{"line":186,"column":25}},"type":"if","locations":[{"start":{"line":175,"column":24},"end":{"line":186,"column":25}},{"start":{"line":175,"column":24},"end":{"line":186,"column":25}}],"line":175},"53":{"loc":{"start":{"line":177,"column":28},"end":{"line":182,"column":29}},"type":"if","locations":[{"start":{"line":177,"column":28},"end":{"line":182,"column":29}},{"start":{"line":177,"column":28},"end":{"line":182,"column":29}}],"line":177},"54":{"loc":{"start":{"line":177,"column":32},"end":{"line":177,"column":98}},"type":"binary-expr","locations":[{"start":{"line":177,"column":32},"end":{"line":177,"column":44}},{"start":{"line":177,"column":48},"end":{"line":177,"column":60}},{"start":{"line":177,"column":64},"end":{"line":177,"column":98}}],"line":177},"55":{"loc":{"start":{"line":196,"column":40},"end":{"line":196,"column":82}},"type":"cond-expr","locations":[{"start":{"line":196,"column":49},"end":{"line":196,"column":77}},{"start":{"line":196,"column":80},"end":{"line":196,"column":82}}],"line":196},"56":{"loc":{"start":{"line":196,"column":49},"end":{"line":196,"column":77}},"type":"binary-expr","locations":[{"start":{"line":196,"column":49},"end":{"line":196,"column":71}},{"start":{"line":196,"column":75},"end":{"line":196,"column":77}}],"line":196},"57":{"loc":{"start":{"line":202,"column":24},"end":{"line":221,"column":25}},"type":"if","locations":[{"start":{"line":202,"column":24},"end":{"line":221,"column":25}},{"start":{"line":202,"column":24},"end":{"line":221,"column":25}}],"line":202},"58":{"loc":{"start":{"line":204,"column":28},"end":{"line":220,"column":29}},"type":"if","locations":[{"start":{"line":204,"column":28},"end":{"line":220,"column":29}},{"start":{"line":204,"column":28},"end":{"line":220,"column":29}}],"line":204},"59":{"loc":{"start":{"line":206,"column":32},"end":{"line":211,"column":33}},"type":"if","locations":[{"start":{"line":206,"column":32},"end":{"line":211,"column":33}},{"start":{"line":206,"column":32},"end":{"line":211,"column":33}}],"line":206},"60":{"loc":{"start":{"line":209,"column":37},"end":{"line":211,"column":33}},"type":"if","locations":[{"start":{"line":209,"column":37},"end":{"line":211,"column":33}},{"start":{"line":209,"column":37},"end":{"line":211,"column":33}}],"line":209},"61":{"loc":{"start":{"line":214,"column":32},"end":{"line":219,"column":33}},"type":"if","locations":[{"start":{"line":214,"column":32},"end":{"line":219,"column":33}},{"start":{"line":214,"column":32},"end":{"line":219,"column":33}}],"line":214}},"s":{"0":1,"1":7,"2":14,"3":14,"4":0,"5":0,"6":0,"7":0,"8":21,"9":14,"10":7,"11":1,"12":7,"13":14,"14":0,"15":14,"16":7,"17":0,"18":21,"19":21,"20":21,"21":0,"22":21,"23":42,"24":42,"25":0,"26":42,"27":0,"28":42,"29":21,"30":21,"31":14,"32":14,"33":0,"34":0,"35":0,"36":0,"37":0,"38":0,"39":0,"40":7,"41":7,"42":7,"43":0,"44":0,"45":0,"46":0,"47":0,"48":0,"49":0,"50":0,"51":0,"52":0,"53":0,"54":0,"55":0,"56":0,"57":0,"58":21,"59":0,"60":0,"61":42,"62":7,"63":0,"64":7,"65":1,"66":1,"67":1,"68":1,"69":1,"70":1,"71":1,"72":1,"73":1,"74":1,"75":1,"76":1,"77":1,"78":1,"79":1,"80":1,"81":0,"82":0,"83":1,"84":0,"85":0,"86":1,"87":0,"88":0,"89":0,"90":0,"91":0,"92":1,"93":7,"94":7,"95":7,"96":7,"97":7,"98":7,"99":0,"100":7,"101":0,"102":1,"103":7,"104":7,"105":21,"106":7,"107":7,"108":7,"109":7,"110":7,"111":7,"112":7,"113":7,"114":7,"115":7,"116":7,"117":7,"118":7,"119":7,"120":1,"121":7,"122":2,"123":5,"124":0,"125":5,"126":5,"127":7,"128":7,"129":7,"130":0,"131":7,"132":7,"133":7,"134":119,"135":49,"136":7,"137":7,"138":7,"139":7,"140":7,"141":7,"142":7,"143":7,"144":7,"145":7,"146":0,"147":0,"148":0,"149":0,"150":7,"151":7,"152":7,"153":7,"154":1,"155":1,"156":1,"157":7,"158":0,"159":0,"160":0,"161":0,"162":0,"163":0,"164":0,"165":0,"166":0,"167":0,"168":0,"169":0,"170":0,"171":0,"172":7,"173":7,"174":7,"175":7,"176":7,"177":7,"178":7,"179":7,"180":7,"181":0,"182":0,"183":0,"184":0,"185":0,"186":7,"187":7,"188":7},"f":{"0":7,"1":7,"2":14,"3":0,"4":21,"5":14,"6":7,"7":14,"8":0,"9":21,"10":21,"11":21,"12":0,"13":0,"14":0,"15":7,"16":7,"17":7,"18":21,"19":1,"20":119,"21":0,"22":7},"b":{"0":[1,1,1],"1":[7,7],"2":[7,14],"3":[7,7],"4":[1,1,1],"5":[0,14],"6":[7,7],"7":[0,21],"8":[0,42],"9":[42,0,0],"10":[0,0],"11":[0,0],"12":[0,42],"13":[21,21,14,0,0,7],"14":[7,0],"15":[7,7,7],"16":[7,0],"17":[0,0],"18":[0,0,0,0],"19":[0,0],"20":[0,0],"21":[0,0],"22":[0,0],"23":[0,0],"24":[0,7],"25":[7,0],"26":[0,0],"27":[0,7],"28":[7,5,5],"29":[0,7],"30":[7,0],"31":[7,7,7],"32":[7,7],"33":[7,6],"34":[7,7],"35":[7,6],"36":[2,5],"37":[0,5],"38":[5,0],"39":[0,7],"40":[49,70],"41":[7,0],"42":[7,7],"43":[0,7],"44":[0,0],"45":[0,0],"46":[1,6],"47":[0,7],"48":[7,0],"49":[0,0],"50":[0,0],"51":[0,0],"52":[0,0],"53":[0,0],"54":[0,0,0],"55":[1,6],"56":[1,0],"57":[7,0],"58":[7,0],"59":[7,0],"60":[0,0],"61":[0,0]},"_coverageSchema":"332fd63041d2c1bcb487cc26dd0d5f7d97098a6c","hash":"40d19ab7843978b4146159b1e4bf14b6ce6115b2"}
,"/Users/ali/dev/graphql-code-generator/packages/graphql-codegen-cli/src/loaders/document-loader.ts": {"path":"/Users/ali/dev/graphql-code-generator/packages/graphql-codegen-cli/src/loaders/document-loader.ts","statementMap":{"0":{"start":{"line":2,"column":0},"end":{"line":2,"column":62}},"1":{"start":{"line":3,"column":29},"end":{"line":3,"column":60}},"2":{"start":{"line":4,"column":9},"end":{"line":4,"column":22}},"3":{"start":{"line":5,"column":11},"end":{"line":5,"column":26}},"4":{"start":{"line":6,"column":24},"end":{"line":6,"column":59}},"5":{"start":{"line":7,"column":0},"end":{"line":25,"column":2}},"6":{"start":{"line":8,"column":4},"end":{"line":24,"column":5}},"7":{"start":{"line":9,"column":26},"end":{"line":9,"column":59}},"8":{"start":{"line":10,"column":22},"end":{"line":10,"column":44}},"9":{"start":{"line":11,"column":8},"end":{"line":13,"column":9}},"10":{"start":{"line":12,"column":12},"end":{"line":12,"column":106}},"11":{"start":{"line":14,"column":23},"end":{"line":14,"column":87}},"12":{"start":{"line":15,"column":8},"end":{"line":20,"column":9}},"13":{"start":{"line":16,"column":12},"end":{"line":16,"column":103}},"14":{"start":{"line":19,"column":12},"end":{"line":19,"column":24}},"15":{"start":{"line":23,"column":8},"end":{"line":23,"column":75}},"16":{"start":{"line":26,"column":0},"end":{"line":28,"column":2}},"17":{"start":{"line":27,"column":4},"end":{"line":27,"column":131}},"18":{"start":{"line":27,"column":111},"end":{"line":27,"column":126}}},"fnMap":{"0":{"name":"(anonymous_0)","decl":{"start":{"line":7,"column":26},"end":{"line":7,"column":27}},"loc":{"start":{"line":7,"column":46},"end":{"line":25,"column":1}},"line":7},"1":{"name":"(anonymous_1)","decl":{"start":{"line":26,"column":31},"end":{"line":26,"column":32}},"loc":{"start":{"line":26,"column":52},"end":{"line":28,"column":1}},"line":26},"2":{"name":"(anonymous_2)","decl":{"start":{"line":27,"column":90},"end":{"line":27,"column":91}},"loc":{"start":{"line":27,"column":109},"end":{"line":27,"column":128}},"line":27}},"branchMap":{"0":{"loc":{"start":{"line":8,"column":4},"end":{"line":24,"column":5}},"type":"if","locations":[{"start":{"line":8,"column":4},"end":{"line":24,"column":5}},{"start":{"line":8,"column":4},"end":{"line":24,"column":5}}],"line":8},"1":{"loc":{"start":{"line":11,"column":8},"end":{"line":13,"column":9}},"type":"if","locations":[{"start":{"line":11,"column":8},"end":{"line":13,"column":9}},{"start":{"line":11,"column":8},"end":{"line":13,"column":9}}],"line":11},"2":{"loc":{"start":{"line":11,"column":12},"end":{"line":11,"column":56}},"type":"binary-expr","locations":[{"start":{"line":11,"column":12},"end":{"line":11,"column":34}},{"start":{"line":11,"column":38},"end":{"line":11,"column":56}}],"line":11},"3":{"loc":{"start":{"line":15,"column":8},"end":{"line":20,"column":9}},"type":"if","locations":[{"start":{"line":15,"column":8},"end":{"line":20,"column":9}},{"start":{"line":15,"column":8},"end":{"line":20,"column":9}}],"line":15}},"s":{"0":1,"1":1,"2":1,"3":1,"4":1,"5":1,"6":0,"7":0,"8":0,"9":0,"10":0,"11":0,"12":0,"13":0,"14":0,"15":0,"16":1,"17":7,"18":0},"f":{"0":0,"1":7,"2":0},"b":{"0":[0,0],"1":[0,0],"2":[0,0],"3":[0,0]},"_coverageSchema":"332fd63041d2c1bcb487cc26dd0d5f7d97098a6c","hash":"9d3969bbfd8ac19184dc641b72b5899ffeb12948"}
,"/Users/ali/dev/graphql-code-generator/packages/graphql-codegen-cli/src/loaders/introspection-from-file.ts": {"path":"/Users/ali/dev/graphql-code-generator/packages/graphql-codegen-cli/src/loaders/introspection-from-file.ts","statementMap":{"0":{"start":{"line":2,"column":0},"end":{"line":2,"column":62}},"1":{"start":{"line":3,"column":9},"end":{"line":3,"column":22}},"2":{"start":{"line":4,"column":11},"end":{"line":4,"column":26}},"3":{"start":{"line":5,"column":0},"end":{"line":29,"column":2}},"4":{"start":{"line":6,"column":4},"end":{"line":6,"column":76}},"5":{"start":{"line":7,"column":4},"end":{"line":28,"column":7}},"6":{"start":{"line":8,"column":23},"end":{"line":8,"column":87}},"7":{"start":{"line":9,"column":8},"end":{"line":27,"column":9}},"8":{"start":{"line":10,"column":12},"end":{"line":23,"column":13}},"9":{"start":{"line":11,"column":34},"end":{"line":11,"column":67}},"10":{"start":{"line":12,"column":16},"end":{"line":14,"column":17}},"11":{"start":{"line":13,"column":20},"end":{"line":13,"column":83}},"12":{"start":{"line":15,"column":36},"end":{"line":15,"column":59}},"13":{"start":{"line":16,"column":16},"end":{"line":18,"column":17}},"14":{"start":{"line":17,"column":20},"end":{"line":17,"column":55}},"15":{"start":{"line":19,"column":16},"end":{"line":19,"column":39}},"16":{"start":{"line":22,"column":16},"end":{"line":22,"column":26}},"17":{"start":{"line":26,"column":12},"end":{"line":26,"column":77}}},"fnMap":{"0":{"name":"(anonymous_0)","decl":{"start":{"line":5,"column":32},"end":{"line":5,"column":33}},"loc":{"start":{"line":5,"column":48},"end":{"line":29,"column":1}},"line":5},"1":{"name":"(anonymous_1)","decl":{"start":{"line":7,"column":23},"end":{"line":7,"column":24}},"loc":{"start":{"line":7,"column":50},"end":{"line":28,"column":5}},"line":7}},"branchMap":{"0":{"loc":{"start":{"line":8,"column":23},"end":{"line":8,"column":87}},"type":"cond-expr","locations":[{"start":{"line":8,"column":47},"end":{"line":8,"column":51}},{"start":{"line":8,"column":54},"end":{"line":8,"column":87}}],"line":8},"1":{"loc":{"start":{"line":9,"column":8},"end":{"line":27,"column":9}},"type":"if","locations":[{"start":{"line":9,"column":8},"end":{"line":27,"column":9}},{"start":{"line":9,"column":8},"end":{"line":27,"column":9}}],"line":9},"2":{"loc":{"start":{"line":12,"column":16},"end":{"line":14,"column":17}},"type":"if","locations":[{"start":{"line":12,"column":16},"end":{"line":14,"column":17}},{"start":{"line":12,"column":16},"end":{"line":14,"column":17}}],"line":12},"3":{"loc":{"start":{"line":16,"column":16},"end":{"line":18,"column":17}},"type":"if","locations":[{"start":{"line":16,"column":16},"end":{"line":18,"column":17}},{"start":{"line":16,"column":16},"end":{"line":18,"column":17}}],"line":16}},"s":{"0":1,"1":1,"2":1,"3":1,"4":2,"5":2,"6":2,"7":2,"8":2,"9":2,"10":2,"11":0,"12":2,"13":2,"14":0,"15":2,"16":0,"17":0},"f":{"0":2,"1":2},"b":{"0":[0,2],"1":[2,0],"2":[0,2],"3":[0,2]},"_coverageSchema":"332fd63041d2c1bcb487cc26dd0d5f7d97098a6c","hash":"34e9c2407a74cffda625302364b1c9fb395f91f2"}
,"/Users/ali/dev/graphql-code-generator/packages/graphql-codegen-cli/src/loaders/introspection-from-url.ts": {"path":"/Users/ali/dev/graphql-code-generator/packages/graphql-codegen-cli/src/loaders/introspection-from-url.ts","statementMap":{"0":{"start":{"line":2,"column":15},"end":{"line":9,"column":1}},"1":{"start":{"line":3,"column":4},"end":{"line":7,"column":5}},"2":{"start":{"line":4,"column":8},"end":{"line":4,"column":25}},"3":{"start":{"line":5,"column":8},"end":{"line":6,"column":24}},"4":{"start":{"line":5,"column":25},"end":{"line":6,"column":24}},"5":{"start":{"line":6,"column":12},"end":{"line":6,"column":24}},"6":{"start":{"line":8,"column":4},"end":{"line":8,"column":13}},"7":{"start":{"line":10,"column":0},"end":{"line":10,"column":62}},"8":{"start":{"line":11,"column":29},"end":{"line":11,"column":60}},"9":{"start":{"line":12,"column":14},"end":{"line":12,"column":32}},"10":{"start":{"line":13,"column":0},"end":{"line":51,"column":2}},"11":{"start":{"line":14,"column":4},"end":{"line":14,"column":77}},"12":{"start":{"line":15,"column":26},"end":{"line":28,"column":49}},"13":{"start":{"line":17,"column":21},"end":{"line":17,"column":56}},"14":{"start":{"line":18,"column":8},"end":{"line":24,"column":9}},"15":{"start":{"line":19,"column":23},"end":{"line":19,"column":32}},"16":{"start":{"line":20,"column":24},"end":{"line":20,"column":33}},"17":{"start":{"line":21,"column":12},"end":{"line":23,"column":19}},"18":{"start":{"line":25,"column":8},"end":{"line":25,"column":20}},"19":{"start":{"line":28,"column":34},"end":{"line":28,"column":46}},"20":{"start":{"line":29,"column":23},"end":{"line":29,"column":189}},"21":{"start":{"line":29,"column":147},"end":{"line":29,"column":181}},"22":{"start":{"line":30,"column":4},"end":{"line":30,"column":98}},"23":{"start":{"line":31,"column":4},"end":{"line":50,"column":7}},"24":{"start":{"line":32,"column":8},"end":{"line":49,"column":11}},"25":{"start":{"line":39,"column":12},"end":{"line":42,"column":13}},"26":{"start":{"line":40,"column":16},"end":{"line":40,"column":28}},"27":{"start":{"line":41,"column":16},"end":{"line":41,"column":23}},"28":{"start":{"line":43,"column":27},"end":{"line":43,"column":36}},"29":{"start":{"line":44,"column":12},"end":{"line":47,"column":13}},"30":{"start":{"line":45,"column":16},"end":{"line":45,"column":137}},"31":{"start":{"line":45,"column":101},"end":{"line":45,"column":121}},"32":{"start":{"line":46,"column":16},"end":{"line":46,"column":23}},"33":{"start":{"line":48,"column":12},"end":{"line":48,"column":30}}},"fnMap":{"0":{"name":"(anonymous_0)","decl":{"start":{"line":2,"column":59},"end":{"line":2,"column":60}},"loc":{"start":{"line":2,"column":71},"end":{"line":9,"column":1}},"line":2},"1":{"name":"(anonymous_1)","decl":{"start":{"line":13,"column":31},"end":{"line":13,"column":32}},"loc":{"start":{"line":13,"column":55},"end":{"line":51,"column":1}},"line":13},"2":{"name":"(anonymous_2)","decl":{"start":{"line":16,"column":13},"end":{"line":16,"column":14}},"loc":{"start":{"line":16,"column":31},"end":{"line":27,"column":5}},"line":16},"3":{"name":"(anonymous_3)","decl":{"start":{"line":28,"column":16},"end":{"line":28,"column":17}},"loc":{"start":{"line":28,"column":32},"end":{"line":28,"column":48}},"line":28},"4":{"name":"(anonymous_4)","decl":{"start":{"line":29,"column":123},"end":{"line":29,"column":124}},"loc":{"start":{"line":29,"column":145},"end":{"line":29,"column":183}},"line":29},"5":{"name":"(anonymous_5)","decl":{"start":{"line":31,"column":23},"end":{"line":31,"column":24}},"loc":{"start":{"line":31,"column":50},"end":{"line":50,"column":5}},"line":31},"6":{"name":"(anonymous_6)","decl":{"start":{"line":38,"column":11},"end":{"line":38,"column":12}},"loc":{"start":{"line":38,"column":42},"end":{"line":49,"column":9}},"line":38},"7":{"name":"(anonymous_7)","decl":{"start":{"line":45,"column":83},"end":{"line":45,"column":84}},"loc":{"start":{"line":45,"column":99},"end":{"line":45,"column":123}},"line":45}},"branchMap":{"0":{"loc":{"start":{"line":2,"column":15},"end":{"line":9,"column":1}},"type":"binary-expr","locations":[{"start":{"line":2,"column":16},"end":{"line":2,"column":20}},{"start":{"line":2,"column":24},"end":{"line":2,"column":37}},{"start":{"line":2,"column":42},"end":{"line":2,"column":55}},{"start":{"line":2,"column":59},"end":{"line":9,"column":1}}],"line":2},"1":{"loc":{"start":{"line":5,"column":25},"end":{"line":6,"column":24}},"type":"if","locations":[{"start":{"line":5,"column":25},"end":{"line":6,"column":24}},{"start":{"line":5,"column":25},"end":{"line":6,"column":24}}],"line":5},"2":{"loc":{"start":{"line":15,"column":27},"end":{"line":15,"column":40}},"type":"binary-expr","locations":[{"start":{"line":15,"column":27},"end":{"line":15,"column":34}},{"start":{"line":15,"column":38},"end":{"line":15,"column":40}}],"line":15},"3":{"loc":{"start":{"line":18,"column":8},"end":{"line":24,"column":9}},"type":"if","locations":[{"start":{"line":18,"column":8},"end":{"line":24,"column":9}},{"start":{"line":18,"column":8},"end":{"line":24,"column":9}}],"line":18},"4":{"loc":{"start":{"line":18,"column":12},"end":{"line":18,"column":39}},"type":"binary-expr","locations":[{"start":{"line":18,"column":12},"end":{"line":18,"column":18}},{"start":{"line":18,"column":22},"end":{"line":18,"column":39}}],"line":18},"5":{"loc":{"start":{"line":39,"column":12},"end":{"line":42,"column":13}},"type":"if","locations":[{"start":{"line":39,"column":12},"end":{"line":42,"column":13}},{"start":{"line":39,"column":12},"end":{"line":42,"column":13}}],"line":39},"6":{"loc":{"start":{"line":44,"column":12},"end":{"line":47,"column":13}},"type":"if","locations":[{"start":{"line":44,"column":12},"end":{"line":47,"column":13}},{"start":{"line":44,"column":12},"end":{"line":47,"column":13}}],"line":44},"7":{"loc":{"start":{"line":44,"column":16},"end":{"line":44,"column":68}},"type":"binary-expr","locations":[{"start":{"line":44,"column":16},"end":{"line":44,"column":25}},{"start":{"line":44,"column":30},"end":{"line":44,"column":41}},{"start":{"line":44,"column":45},"end":{"line":44,"column":67}}],"line":44}},"s":{"0":1,"1":0,"2":0,"3":0,"4":0,"5":0,"6":0,"7":1,"8":1,"9":1,"10":1,"11":0,"12":0,"13":0,"14":0,"15":0,"16":0,"17":0,"18":0,"19":0,"20":0,"21":0,"22":0,"23":0,"24":0,"25":0,"26":0,"27":0,"28":0,"29":0,"30":0,"31":0,"32":0,"33":0},"f":{"0":0,"1":0,"2":0,"3":0,"4":0,"5":0,"6":0,"7":0},"b":{"0":[1,1,1,0],"1":[0,0],"2":[0,0],"3":[0,0],"4":[0,0],"5":[0,0],"6":[0,0],"7":[0,0,0]},"_coverageSchema":"332fd63041d2c1bcb487cc26dd0d5f7d97098a6c","hash":"3bd1ef47046f012e246bc2afbfff14f588a72026"}
,"/Users/ali/dev/graphql-code-generator/packages/graphql-codegen-cli/src/loaders/schema-from-export.ts": {"path":"/Users/ali/dev/graphql-code-generator/packages/graphql-codegen-cli/src/loaders/schema-from-export.ts","statementMap":{"0":{"start":{"line":2,"column":0},"end":{"line":2,"column":62}},"1":{"start":{"line":3,"column":9},"end":{"line":3,"column":22}},"2":{"start":{"line":4,"column":11},"end":{"line":4,"column":26}},"3":{"start":{"line":5,"column":16},"end":{"line":5,"column":34}},"4":{"start":{"line":6,"column":0},"end":{"line":49,"column":2}},"5":{"start":{"line":7,"column":4},"end":{"line":7,"column":127}},"6":{"start":{"line":8,"column":4},"end":{"line":48,"column":7}},"7":{"start":{"line":9,"column":23},"end":{"line":9,"column":87}},"8":{"start":{"line":10,"column":8},"end":{"line":47,"column":9}},"9":{"start":{"line":11,"column":12},"end":{"line":43,"column":13}},"10":{"start":{"line":12,"column":30},"end":{"line":12,"column":47}},"11":{"start":{"line":13,"column":16},"end":{"line":39,"column":17}},"12":{"start":{"line":14,"column":33},"end":{"line":14,"column":66}},"13":{"start":{"line":15,"column":20},"end":{"line":35,"column":21}},"14":{"start":{"line":16,"column":24},"end":{"line":31,"column":25}},"15":{"start":{"line":17,"column":28},"end":{"line":17,"column":44}},"16":{"start":{"line":19,"column":29},"end":{"line":31,"column":25}},"17":{"start":{"line":20,"column":28},"end":{"line":20,"column":70}},"18":{"start":{"line":22,"column":29},"end":{"line":31,"column":25}},"19":{"start":{"line":23,"column":38},"end":{"line":23,"column":61}},"20":{"start":{"line":24,"column":28},"end":{"line":24,"column":67}},"21":{"start":{"line":26,"column":29},"end":{"line":31,"column":25}},"22":{"start":{"line":27,"column":28},"end":{"line":27,"column":78}},"23":{"start":{"line":30,"column":28},"end":{"line":30,"column":119}},"24":{"start":{"line":34,"column":24},"end":{"line":34,"column":138}},"25":{"start":{"line":38,"column":20},"end":{"line":38,"column":105}},"26":{"start":{"line":42,"column":16},"end":{"line":42,"column":26}},"27":{"start":{"line":46,"column":12},"end":{"line":46,"column":83}},"28":{"start":{"line":51,"column":4},"end":{"line":51,"column":37}},"29":{"start":{"line":54,"column":15},"end":{"line":54,"column":18}},"30":{"start":{"line":55,"column":4},"end":{"line":55,"column":71}},"31":{"start":{"line":58,"column":4},"end":{"line":58,"column":50}},"32":{"start":{"line":61,"column":4},"end":{"line":61,"column":34}}},"fnMap":{"0":{"name":"(anonymous_0)","decl":{"start":{"line":6,"column":27},"end":{"line":6,"column":28}},"loc":{"start":{"line":6,"column":43},"end":{"line":49,"column":1}},"line":6},"1":{"name":"(anonymous_1)","decl":{"start":{"line":8,"column":23},"end":{"line":8,"column":24}},"loc":{"start":{"line":8,"column":50},"end":{"line":48,"column":5}},"line":8},"2":{"name":"isSchemaText","decl":{"start":{"line":50,"column":9},"end":{"line":50,"column":21}},"loc":{"start":{"line":50,"column":27},"end":{"line":52,"column":1}},"line":50},"3":{"name":"isSchemaJson","decl":{"start":{"line":53,"column":9},"end":{"line":53,"column":21}},"loc":{"start":{"line":53,"column":27},"end":{"line":56,"column":1}},"line":53},"4":{"name":"isSchemaObject","decl":{"start":{"line":57,"column":9},"end":{"line":57,"column":23}},"loc":{"start":{"line":57,"column":29},"end":{"line":59,"column":1}},"line":57},"5":{"name":"isSchemaAst","decl":{"start":{"line":60,"column":9},"end":{"line":60,"column":20}},"loc":{"start":{"line":60,"column":26},"end":{"line":62,"column":1}},"line":60}},"branchMap":{"0":{"loc":{"start":{"line":9,"column":23},"end":{"line":9,"column":87}},"type":"cond-expr","locations":[{"start":{"line":9,"column":47},"end":{"line":9,"column":51}},{"start":{"line":9,"column":54},"end":{"line":9,"column":87}}],"line":9},"1":{"loc":{"start":{"line":10,"column":8},"end":{"line":47,"column":9}},"type":"if","locations":[{"start":{"line":10,"column":8},"end":{"line":47,"column":9}},{"start":{"line":10,"column":8},"end":{"line":47,"column":9}}],"line":10},"2":{"loc":{"start":{"line":13,"column":16},"end":{"line":39,"column":17}},"type":"if","locations":[{"start":{"line":13,"column":16},"end":{"line":39,"column":17}},{"start":{"line":13,"column":16},"end":{"line":39,"column":17}}],"line":13},"3":{"loc":{"start":{"line":14,"column":33},"end":{"line":14,"column":66}},"type":"binary-expr","locations":[{"start":{"line":14,"column":33},"end":{"line":14,"column":48}},{"start":{"line":14,"column":52},"end":{"line":14,"column":66}}],"line":14},"4":{"loc":{"start":{"line":15,"column":20},"end":{"line":35,"column":21}},"type":"if","locations":[{"start":{"line":15,"column":20},"end":{"line":35,"column":21}},{"start":{"line":15,"column":20},"end":{"line":35,"column":21}}],"line":15},"5":{"loc":{"start":{"line":16,"column":24},"end":{"line":31,"column":25}},"type":"if","locations":[{"start":{"line":16,"column":24},"end":{"line":31,"column":25}},{"start":{"line":16,"column":24},"end":{"line":31,"column":25}}],"line":16},"6":{"loc":{"start":{"line":19,"column":29},"end":{"line":31,"column":25}},"type":"if","locations":[{"start":{"line":19,"column":29},"end":{"line":31,"column":25}},{"start":{"line":19,"column":29},"end":{"line":31,"column":25}}],"line":19},"7":{"loc":{"start":{"line":22,"column":29},"end":{"line":31,"column":25}},"type":"if","locations":[{"start":{"line":22,"column":29},"end":{"line":31,"column":25}},{"start":{"line":22,"column":29},"end":{"line":31,"column":25}}],"line":22},"8":{"loc":{"start":{"line":26,"column":29},"end":{"line":31,"column":25}},"type":"if","locations":[{"start":{"line":26,"column":29},"end":{"line":31,"column":25}},{"start":{"line":26,"column":29},"end":{"line":31,"column":25}}],"line":26},"9":{"loc":{"start":{"line":55,"column":11},"end":{"line":55,"column":70}},"type":"binary-expr","locations":[{"start":{"line":55,"column":11},"end":{"line":55,"column":34}},{"start":{"line":55,"column":38},"end":{"line":55,"column":70}}],"line":55}},"s":{"0":1,"1":1,"2":1,"3":1,"4":1,"5":5,"6":5,"7":5,"8":5,"9":5,"10":5,"11":5,"12":5,"13":5,"14":5,"15":2,"16":3,"17":1,"18":2,"19":1,"20":1,"21":1,"22":1,"23":0,"24":0,"25":0,"26":0,"27":0,"28":2,"29":1,"30":1,"31":5,"32":3},"f":{"0":5,"1":5,"2":2,"3":1,"4":5,"5":3},"b":{"0":[0,5],"1":[5,0],"2":[5,0],"3":[5,4],"4":[5,0],"5":[2,3],"6":[1,2],"7":[1,1],"8":[1,0],"9":[1,1]},"_coverageSchema":"332fd63041d2c1bcb487cc26dd0d5f7d97098a6c","hash":"37e904a5f4dee40a2b1d9af26030a0f2ee4fcb2d"}
,"/Users/ali/dev/graphql-code-generator/packages/graphql-codegen-cli/src/loaders/templates-scanner.ts": {"path":"/Users/ali/dev/graphql-code-generator/packages/graphql-codegen-cli/src/loaders/templates-scanner.ts","statementMap":{"0":{"start":{"line":2,"column":0},"end":{"line":2,"column":62}},"1":{"start":{"line":3,"column":11},"end":{"line":3,"column":26}},"2":{"start":{"line":4,"column":11},"end":{"line":4,"column":26}},"3":{"start":{"line":5,"column":9},"end":{"line":5,"column":22}},"4":{"start":{"line":6,"column":29},"end":{"line":6,"column":60}},"5":{"start":{"line":8,"column":23},"end":{"line":8,"column":59}},"6":{"start":{"line":9,"column":22},"end":{"line":9,"column":80}},"7":{"start":{"line":10,"column":4},"end":{"line":10,"column":122}},"8":{"start":{"line":11,"column":18},"end":{"line":11,"column":40}},"9":{"start":{"line":12,"column":4},"end":{"line":12,"column":97}},"10":{"start":{"line":13,"column":4},"end":{"line":16,"column":11}},"11":{"start":{"line":14,"column":8},"end":{"line":14,"column":62}},"12":{"start":{"line":15,"column":8},"end":{"line":15,"column":20}},"13":{"start":{"line":18,"column":0},"end":{"line":18,"column":56}}},"fnMap":{"0":{"name":"scanForTemplatesInPath","decl":{"start":{"line":7,"column":9},"end":{"line":7,"column":31}},"loc":{"start":{"line":7,"column":57},"end":{"line":17,"column":1}},"line":7},"1":{"name":"(anonymous_1)","decl":{"start":{"line":13,"column":26},"end":{"line":13,"column":27}},"loc":{"start":{"line":13,"column":52},"end":{"line":16,"column":5}},"line":13}},"branchMap":{},"s":{"0":2,"1":2,"2":2,"3":2,"4":2,"5":1,"6":1,"7":1,"8":1,"9":1,"10":1,"11":1,"12":1,"13":2},"f":{"0":1,"1":1},"b":{},"_coverageSchema":"332fd63041d2c1bcb487cc26dd0d5f7d97098a6c","hash":"f48e6cd1ea736ad68ceea7d78a9b51d3bc1b519b"}
,"/Users/ali/dev/graphql-code-generator/packages/graphql-codegen-cli/src/utils/document-finder.ts": {"path":"/Users/ali/dev/graphql-code-generator/packages/graphql-codegen-cli/src/utils/document-finder.ts","statementMap":{"0":{"start":{"line":2,"column":0},"end":{"line":2,"column":62}},"1":{"start":{"line":3,"column":20},"end":{"line":3,"column":45}},"2":{"start":{"line":4,"column":29},"end":{"line":4,"column":60}},"3":{"start":{"line":5,"column":0},"end":{"line":31,"column":2}},"4":{"start":{"line":6,"column":4},"end":{"line":30,"column":5}},"5":{"start":{"line":7,"column":21},"end":{"line":7,"column":62}},"6":{"start":{"line":8,"column":8},"end":{"line":10,"column":9}},"7":{"start":{"line":9,"column":12},"end":{"line":9,"column":31}},"8":{"start":{"line":13,"column":8},"end":{"line":18,"column":9}},"9":{"start":{"line":14,"column":12},"end":{"line":14,"column":53}},"10":{"start":{"line":19,"column":22},"end":{"line":19,"column":81}},"11":{"start":{"line":20,"column":8},"end":{"line":22,"column":9}},"12":{"start":{"line":21,"column":12},"end":{"line":21,"column":98}},"13":{"start":{"line":23,"column":21},"end":{"line":23,"column":131}},"14":{"start":{"line":23,"column":59},"end":{"line":23,"column":121}},"15":{"start":{"line":24,"column":8},"end":{"line":29,"column":9}},"16":{"start":{"line":25,"column":12},"end":{"line":25,"column":24}},"17":{"start":{"line":28,"column":12},"end":{"line":28,"column":26}}},"fnMap":{"0":{"name":"(anonymous_0)","decl":{"start":{"line":5,"column":44},"end":{"line":5,"column":45}},"loc":{"start":{"line":5,"column":67},"end":{"line":31,"column":1}},"line":5},"1":{"name":"(anonymous_1)","decl":{"start":{"line":23,"column":41},"end":{"line":23,"column":42}},"loc":{"start":{"line":23,"column":57},"end":{"line":23,"column":123}},"line":23}},"branchMap":{"0":{"loc":{"start":{"line":8,"column":8},"end":{"line":10,"column":9}},"type":"if","locations":[{"start":{"line":8,"column":8},"end":{"line":10,"column":9}},{"start":{"line":8,"column":8},"end":{"line":10,"column":9}}],"line":8},"1":{"loc":{"start":{"line":20,"column":8},"end":{"line":22,"column":9}},"type":"if","locations":[{"start":{"line":20,"column":8},"end":{"line":22,"column":9}},{"start":{"line":20,"column":8},"end":{"line":22,"column":9}}],"line":20},"2":{"loc":{"start":{"line":23,"column":22},"end":{"line":23,"column":35}},"type":"binary-expr","locations":[{"start":{"line":23,"column":22},"end":{"line":23,"column":29}},{"start":{"line":23,"column":33},"end":{"line":23,"column":35}}],"line":23},"3":{"loc":{"start":{"line":24,"column":8},"end":{"line":29,"column":9}},"type":"if","locations":[{"start":{"line":24,"column":8},"end":{"line":29,"column":9}},{"start":{"line":24,"column":8},"end":{"line":29,"column":9}}],"line":24},"4":{"loc":{"start":{"line":24,"column":12},"end":{"line":24,"column":36}},"type":"binary-expr","locations":[{"start":{"line":24,"column":12},"end":{"line":24,"column":19}},{"start":{"line":24,"column":23},"end":{"line":24,"column":36}}],"line":24}},"s":{"0":2,"1":2,"2":2,"3":2,"4":5,"5":5,"6":1,"7":1,"8":4,"9":4,"10":4,"11":4,"12":0,"13":4,"14":4,"15":4,"16":0,"17":4},"f":{"0":5,"1":4},"b":{"0":[1,0],"1":[0,4],"2":[4,0],"3":[0,4],"4":[4,4]},"_coverageSchema":"332fd63041d2c1bcb487cc26dd0d5f7d97098a6c","hash":"2af358875d4d5536a81a66b68f374673cb3892a3"}
,"/Users/ali/dev/graphql-code-generator/packages/graphql-codegen-cli/src/utils/documents-glob.ts": {"path":"/Users/ali/dev/graphql-code-generator/packages/graphql-codegen-cli/src/utils/documents-glob.ts","statementMap":{"0":{"start":{"line":2,"column":0},"end":{"line":2,"column":62}},"1":{"start":{"line":3,"column":11},"end":{"line":3,"column":26}},"2":{"start":{"line":4,"column":0},"end":{"line":24,"column":2}},"3":{"start":{"line":5,"column":4},"end":{"line":23,"column":7}},"4":{"start":{"line":6,"column":8},"end":{"line":16,"column":11}},"5":{"start":{"line":7,"column":12},"end":{"line":15,"column":15}},"6":{"start":{"line":8,"column":16},"end":{"line":10,"column":17}},"7":{"start":{"line":9,"column":20},"end":{"line":9,"column":32}},"8":{"start":{"line":11,"column":16},"end":{"line":13,"column":17}},"9":{"start":{"line":12,"column":20},"end":{"line":12,"column":89}},"10":{"start":{"line":14,"column":16},"end":{"line":14,"column":31}},"11":{"start":{"line":18,"column":8},"end":{"line":22,"column":15}},"12":{"start":{"line":21,"column":16},"end":{"line":21,"column":35}}},"fnMap":{"0":{"name":"(anonymous_0)","decl":{"start":{"line":4,"column":29},"end":{"line":4,"column":30}},"loc":{"start":{"line":4,"column":50},"end":{"line":24,"column":1}},"line":4},"1":{"name":"(anonymous_1)","decl":{"start":{"line":5,"column":37},"end":{"line":5,"column":38}},"loc":{"start":{"line":5,"column":61},"end":{"line":17,"column":5}},"line":5},"2":{"name":"(anonymous_2)","decl":{"start":{"line":6,"column":27},"end":{"line":6,"column":28}},"loc":{"start":{"line":6,"column":54},"end":{"line":16,"column":9}},"line":6},"3":{"name":"(anonymous_3)","decl":{"start":{"line":7,"column":31},"end":{"line":7,"column":32}},"loc":{"start":{"line":7,"column":53},"end":{"line":15,"column":13}},"line":7},"4":{"name":"(anonymous_4)","decl":{"start":{"line":17,"column":13},"end":{"line":17,"column":14}},"loc":{"start":{"line":17,"column":30},"end":{"line":23,"column":5}},"line":17},"5":{"name":"(anonymous_5)","decl":{"start":{"line":20,"column":27},"end":{"line":20,"column":28}},"loc":{"start":{"line":20,"column":43},"end":{"line":22,"column":13}},"line":20}},"branchMap":{"0":{"loc":{"start":{"line":8,"column":16},"end":{"line":10,"column":17}},"type":"if","locations":[{"start":{"line":8,"column":16},"end":{"line":10,"column":17}},{"start":{"line":8,"column":16},"end":{"line":10,"column":17}}],"line":8},"1":{"loc":{"start":{"line":11,"column":16},"end":{"line":13,"column":17}},"type":"if","locations":[{"start":{"line":11,"column":16},"end":{"line":13,"column":17}},{"start":{"line":11,"column":16},"end":{"line":13,"column":17}}],"line":11},"2":{"loc":{"start":{"line":11,"column":20},"end":{"line":11,"column":48}},"type":"binary-expr","locations":[{"start":{"line":11,"column":20},"end":{"line":11,"column":26}},{"start":{"line":11,"column":30},"end":{"line":11,"column":48}}],"line":11},"3":{"loc":{"start":{"line":18,"column":15},"end":{"line":22,"column":14}},"type":"cond-expr","locations":[{"start":{"line":19,"column":14},"end":{"line":19,"column":16}},{"start":{"line":20,"column":14},"end":{"line":22,"column":14}}],"line":18}},"s":{"0":1,"1":1,"2":1,"3":7,"4":0,"5":0,"6":0,"7":0,"8":0,"9":0,"10":0,"11":7,"12":0},"f":{"0":7,"1":0,"2":0,"3":0,"4":7,"5":0},"b":{"0":[0,0],"1":[0,0],"2":[0,0],"3":[7,0]},"_coverageSchema":"332fd63041d2c1bcb487cc26dd0d5f7d97098a6c","hash":"0e12956d90c929a14dec1c5394cd2d9db7c75a16"}
,"/Users/ali/dev/graphql-code-generator/packages/graphql-codegen-cli/src/utils/file-exists.ts": {"path":"/Users/ali/dev/graphql-code-generator/packages/graphql-codegen-cli/src/utils/file-exists.ts","statementMap":{"0":{"start":{"line":2,"column":0},"end":{"line":2,"column":62}},"1":{"start":{"line":3,"column":9},"end":{"line":3,"column":22}},"2":{"start":{"line":5,"column":4},"end":{"line":10,"column":5}},"3":{"start":{"line":6,"column":8},"end":{"line":6,"column":46}},"4":{"start":{"line":9,"column":8},"end":{"line":9,"column":21}},"5":{"start":{"line":12,"column":0},"end":{"line":12,"column":32}}},"fnMap":{"0":{"name":"fileExists","decl":{"start":{"line":4,"column":9},"end":{"line":4,"column":19}},"loc":{"start":{"line":4,"column":30},"end":{"line":11,"column":1}},"line":4}},"branchMap":{},"s":{"0":0,"1":0,"2":0,"3":0,"4":0,"5":0},"f":{"0":0},"b":{}}
,"/Users/ali/dev/graphql-code-generator/packages/graphql-codegen-cli/src/utils/prettier.ts": {"path":"/Users/ali/dev/graphql-code-generator/packages/graphql-codegen-cli/src/utils/prettier.ts","statementMap":{"0":{"start":{"line":2,"column":15},"end":{"line":9,"column":1}},"1":{"start":{"line":3,"column":4},"end":{"line":7,"column":5}},"2":{"start":{"line":4,"column":8},"end":{"line":4,"column":25}},"3":{"start":{"line":5,"column":8},"end":{"line":6,"column":24}},"4":{"start":{"line":5,"column":25},"end":{"line":6,"column":24}},"5":{"start":{"line":6,"column":12},"end":{"line":6,"column":24}},"6":{"start":{"line":8,"column":4},"end":{"line":8,"column":13}},"7":{"start":{"line":10,"column":16},"end":{"line":17,"column":1}},"8":{"start":{"line":11,"column":4},"end":{"line":16,"column":7}},"9":{"start":{"line":12,"column":36},"end":{"line":12,"column":97}},"10":{"start":{"line":12,"column":42},"end":{"line":12,"column":70}},"11":{"start":{"line":12,"column":85},"end":{"line":12,"column":95}},"12":{"start":{"line":13,"column":35},"end":{"line":13,"column":100}},"13":{"start":{"line":13,"column":41},"end":{"line":13,"column":73}},"14":{"start":{"line":13,"column":88},"end":{"line":13,"column":98}},"15":{"start":{"line":14,"column":32},"end":{"line":14,"column":149}},"16":{"start":{"line":14,"column":97},"end":{"line":14,"column":119}},"17":{"start":{"line":15,"column":8},"end":{"line":15,"column":78}},"18":{"start":{"line":18,"column":18},"end":{"line":44,"column":1}},"19":{"start":{"line":19,"column":12},"end":{"line":19,"column":104}},"20":{"start":{"line":19,"column":43},"end":{"line":19,"column":68}},"21":{"start":{"line":19,"column":57},"end":{"line":19,"column":68}},"22":{"start":{"line":19,"column":69},"end":{"line":19,"column":81}},"23":{"start":{"line":20,"column":4},"end":{"line":20,"column":157}},"24":{"start":{"line":20,"column":138},"end":{"line":20,"column":150}},"25":{"start":{"line":21,"column":23},"end":{"line":21,"column":68}},"26":{"start":{"line":21,"column":45},"end":{"line":21,"column":65}},"27":{"start":{"line":23,"column":8},"end":{"line":23,"column":70}},"28":{"start":{"line":23,"column":15},"end":{"line":23,"column":70}},"29":{"start":{"line":24,"column":8},"end":{"line":41,"column":66}},"30":{"start":{"line":24,"column":18},"end":{"line":41,"column":66}},"31":{"start":{"line":25,"column":12},"end":{"line":25,"column":127}},"32":{"start":{"line":25,"column":118},"end":{"line":25,"column":127}},"33":{"start":{"line":26,"column":12},"end":{"line":26,"column":44}},"34":{"start":{"line":26,"column":26},"end":{"line":26,"column":44}},"35":{"start":{"line":27,"column":12},"end":{"line":39,"column":13}},"36":{"start":{"line":28,"column":32},"end":{"line":28,"column":39}},"37":{"start":{"line":28,"column":40},"end":{"line":28,"column":46}},"38":{"start":{"line":29,"column":24},"end":{"line":29,"column":34}},"39":{"start":{"line":29,"column":35},"end":{"line":29,"column":72}},"40":{"start":{"line":30,"column":24},"end":{"line":30,"column":34}},"41":{"start":{"line":30,"column":35},"end":{"line":30,"column":45}},"42":{"start":{"line":30,"column":46},"end":{"line":30,"column":55}},"43":{"start":{"line":30,"column":56},"end":{"line":30,"column":65}},"44":{"start":{"line":31,"column":24},"end":{"line":31,"column":41}},"45":{"start":{"line":31,"column":42},"end":{"line":31,"column":55}},"46":{"start":{"line":31,"column":56},"end":{"line":31,"column":65}},"47":{"start":{"line":33,"column":20},"end":{"line":33,"column":128}},"48":{"start":{"line":33,"column":110},"end":{"line":33,"column":116}},"49":{"start":{"line":33,"column":117},"end":{"line":33,"column":126}},"50":{"start":{"line":34,"column":20},"end":{"line":34,"column":106}},"51":{"start":{"line":34,"column":81},"end":{"line":34,"column":97}},"52":{"start":{"line":34,"column":98},"end":{"line":34,"column":104}},"53":{"start":{"line":35,"column":20},"end":{"line":35,"column":89}},"54":{"start":{"line":35,"column":57},"end":{"line":35,"column":72}},"55":{"start":{"line":35,"column":73},"end":{"line":35,"column":80}},"56":{"start":{"line":35,"column":81},"end":{"line":35,"column":87}},"57":{"start":{"line":36,"column":20},"end":{"line":36,"column":87}},"58":{"start":{"line":36,"column":47},"end":{"line":36,"column":62}},"59":{"start":{"line":36,"column":63},"end":{"line":36,"column":78}},"60":{"start":{"line":36,"column":79},"end":{"line":36,"column":85}},"61":{"start":{"line":37,"column":20},"end":{"line":37,"column":42}},"62":{"start":{"line":37,"column":30},"end":{"line":37,"column":42}},"63":{"start":{"line":38,"column":20},"end":{"line":38,"column":33}},"64":{"start":{"line":38,"column":34},"end":{"line":38,"column":43}},"65":{"start":{"line":40,"column":12},"end":{"line":40,"column":39}},"66":{"start":{"line":41,"column":22},"end":{"line":41,"column":34}},"67":{"start":{"line":41,"column":35},"end":{"line":41,"column":41}},"68":{"start":{"line":41,"column":54},"end":{"line":41,"column":64}},"69":{"start":{"line":42,"column":8},"end":{"line":42,"column":35}},"70":{"start":{"line":42,"column":23},"end":{"line":42,"column":35}},"71":{"start":{"line":42,"column":36},"end":{"line":42,"column":89}},"72":{"start":{"line":45,"column":0},"end":{"line":45,"column":62}},"73":{"start":{"line":46,"column":15},"end":{"line":46,"column":34}},"74":{"start":{"line":47,"column":11},"end":{"line":47,"column":26}},"75":{"start":{"line":48,"column":26},"end":{"line":64,"column":1}},"76":{"start":{"line":66,"column":4},"end":{"line":84,"column":7}},"77":{"start":{"line":68,"column":8},"end":{"line":83,"column":11}},"78":{"start":{"line":69,"column":12},"end":{"line":82,"column":13}},"79":{"start":{"line":71,"column":20},"end":{"line":71,"column":46}},"80":{"start":{"line":72,"column":20},"end":{"line":72,"column":68}},"81":{"start":{"line":73,"column":20},"end":{"line":73,"column":64}},"82":{"start":{"line":74,"column":20},"end":{"line":74,"column":120}},"83":{"start":{"line":76,"column":20},"end":{"line":76,"column":39}},"84":{"start":{"line":77,"column":20},"end":{"line":77,"column":114}},"85":{"start":{"line":79,"column":20},"end":{"line":79,"column":36}},"86":{"start":{"line":80,"column":20},"end":{"line":80,"column":51}},"87":{"start":{"line":81,"column":24},"end":{"line":81,"column":46}},"88":{"start":{"line":86,"column":0},"end":{"line":86,"column":28}}},"fnMap":{"0":{"name":"(anonymous_0)","decl":{"start":{"line":2,"column":59},"end":{"line":2,"column":60}},"loc":{"start":{"line":2,"column":71},"end":{"line":9,"column":1}},"line":2},"1":{"name":"(anonymous_1)","decl":{"start":{"line":10,"column":44},"end":{"line":10,"column":45}},"loc":{"start":{"line":10,"column":89},"end":{"line":17,"column":1}},"line":10},"2":{"name":"(anonymous_2)","decl":{"start":{"line":11,"column":36},"end":{"line":11,"column":37}},"loc":{"start":{"line":11,"column":63},"end":{"line":16,"column":5}},"line":11},"3":{"name":"fulfilled","decl":{"start":{"line":12,"column":17},"end":{"line":12,"column":26}},"loc":{"start":{"line":12,"column":34},"end":{"line":12,"column":99}},"line":12},"4":{"name":"rejected","decl":{"start":{"line":13,"column":17},"end":{"line":13,"column":25}},"loc":{"start":{"line":13,"column":33},"end":{"line":13,"column":102}},"line":13},"5":{"name":"step","decl":{"start":{"line":14,"column":17},"end":{"line":14,"column":21}},"loc":{"start":{"line":14,"column":30},"end":{"line":14,"column":151}},"line":14},"6":{"name":"(anonymous_6)","decl":{"start":{"line":14,"column":76},"end":{"line":14,"column":77}},"loc":{"start":{"line":14,"column":95},"end":{"line":14,"column":121}},"line":14},"7":{"name":"(anonymous_7)","decl":{"start":{"line":18,"column":48},"end":{"line":18,"column":49}},"loc":{"start":{"line":18,"column":73},"end":{"line":44,"column":1}},"line":18},"8":{"name":"(anonymous_8)","decl":{"start":{"line":19,"column":30},"end":{"line":19,"column":31}},"loc":{"start":{"line":19,"column":41},"end":{"line":19,"column":83}},"line":19},"9":{"name":"(anonymous_9)","decl":{"start":{"line":20,"column":125},"end":{"line":20,"column":126}},"loc":{"start":{"line":20,"column":136},"end":{"line":20,"column":152}},"line":20},"10":{"name":"verb","decl":{"start":{"line":21,"column":13},"end":{"line":21,"column":17}},"loc":{"start":{"line":21,"column":21},"end":{"line":21,"column":70}},"line":21},"11":{"name":"(anonymous_11)","decl":{"start":{"line":21,"column":30},"end":{"line":21,"column":31}},"loc":{"start":{"line":21,"column":43},"end":{"line":21,"column":67}},"line":21},"12":{"name":"step","decl":{"start":{"line":22,"column":13},"end":{"line":22,"column":17}},"loc":{"start":{"line":22,"column":22},"end":{"line":43,"column":5}},"line":22},"13":{"name":"prettify","decl":{"start":{"line":65,"column":9},"end":{"line":65,"column":17}},"loc":{"start":{"line":65,"column":37},"end":{"line":85,"column":1}},"line":65},"14":{"name":"(anonymous_14)","decl":{"start":{"line":66,"column":43},"end":{"line":66,"column":44}},"loc":{"start":{"line":66,"column":55},"end":{"line":84,"column":5}},"line":66},"15":{"name":"(anonymous_15)","decl":{"start":{"line":68,"column":33},"end":{"line":68,"column":34}},"loc":{"start":{"line":68,"column":47},"end":{"line":83,"column":9}},"line":68}},"branchMap":{"0":{"loc":{"start":{"line":2,"column":15},"end":{"line":9,"column":1}},"type":"binary-expr","locations":[{"start":{"line":2,"column":16},"end":{"line":2,"column":20}},{"start":{"line":2,"column":24},"end":{"line":2,"column":37}},{"start":{"line":2,"column":42},"end":{"line":2,"column":55}},{"start":{"line":2,"column":59},"end":{"line":9,"column":1}}],"line":2},"1":{"loc":{"start":{"line":5,"column":25},"end":{"line":6,"column":24}},"type":"if","locations":[{"start":{"line":5,"column":25},"end":{"line":6,"column":24}},{"start":{"line":5,"column":25},"end":{"line":6,"column":24}}],"line":5},"2":{"loc":{"start":{"line":10,"column":16},"end":{"line":17,"column":1}},"type":"binary-expr","locations":[{"start":{"line":10,"column":17},"end":{"line":10,"column":21}},{"start":{"line":10,"column":25},"end":{"line":10,"column":39}},{"start":{"line":10,"column":44},"end":{"line":17,"column":1}}],"line":10},"3":{"loc":{"start":{"line":11,"column":16},"end":{"line":11,"column":34}},"type":"binary-expr","locations":[{"start":{"line":11,"column":16},"end":{"line":11,"column":17}},{"start":{"line":11,"column":22},"end":{"line":11,"column":33}}],"line":11},"4":{"loc":{"start":{"line":14,"column":32},"end":{"line":14,"column":148}},"type":"cond-expr","locations":[{"start":{"line":14,"column":46},"end":{"line":14,"column":67}},{"start":{"line":14,"column":70},"end":{"line":14,"column":148}}],"line":14},"5":{"loc":{"start":{"line":15,"column":51},"end":{"line":15,"column":67}},"type":"binary-expr","locations":[{"start":{"line":15,"column":51},"end":{"line":15,"column":61}},{"start":{"line":15,"column":65},"end":{"line":15,"column":67}}],"line":15},"6":{"loc":{"start":{"line":18,"column":18},"end":{"line":44,"column":1}},"type":"binary-expr","locations":[{"start":{"line":18,"column":19},"end":{"line":18,"column":23}},{"start":{"line":18,"column":27},"end":{"line":18,"column":43}},{"start":{"line":18,"column":48},"end":{"line":44,"column":1}}],"line":18},"7":{"loc":{"start":{"line":19,"column":43},"end":{"line":19,"column":68}},"type":"if","locations":[{"start":{"line":19,"column":43},"end":{"line":19,"column":68}},{"start":{"line":19,"column":43},"end":{"line":19,"column":68}}],"line":19},"8":{"loc":{"start":{"line":20,"column":71},"end":{"line":20,"column":153}},"type":"binary-expr","locations":[{"start":{"line":20,"column":71},"end":{"line":20,"column":99}},{"start":{"line":20,"column":104},"end":{"line":20,"column":152}}],"line":20},"9":{"loc":{"start":{"line":23,"column":8},"end":{"line":23,"column":70}},"type":"if","locations":[{"start":{"line":23,"column":8},"end":{"line":23,"column":70}},{"start":{"line":23,"column":8},"end":{"line":23,"column":70}}],"line":23},"10":{"loc":{"start":{"line":25,"column":12},"end":{"line":25,"column":127}},"type":"if","locations":[{"start":{"line":25,"column":12},"end":{"line":25,"column":127}},{"start":{"line":25,"column":12},"end":{"line":25,"column":127}}],"line":25},"11":{"loc":{"start":{"line":25,"column":23},"end":{"line":25,"column":116}},"type":"binary-expr","locations":[{"start":{"line":25,"column":23},"end":{"line":25,"column":24}},{"start":{"line":25,"column":29},"end":{"line":25,"column":83}},{"start":{"line":25,"column":88},"end":{"line":25,"column":116}}],"line":25},"12":{"loc":{"start":{"line":25,"column":35},"end":{"line":25,"column":82}},"type":"cond-expr","locations":[{"start":{"line":25,"column":47},"end":{"line":25,"column":55}},{"start":{"line":25,"column":58},"end":{"line":25,"column":82}}],"line":25},"13":{"loc":{"start":{"line":25,"column":58},"end":{"line":25,"column":82}},"type":"cond-expr","locations":[{"start":{"line":25,"column":66},"end":{"line":25,"column":73}},{"start":{"line":25,"column":76},"end":{"line":25,"column":82}}],"line":25},"14":{"loc":{"start":{"line":26,"column":12},"end":{"line":26,"column":44}},"type":"if","locations":[{"start":{"line":26,"column":12},"end":{"line":26,"column":44}},{"start":{"line":26,"column":12},"end":{"line":26,"column":44}}],"line":26},"15":{"loc":{"start":{"line":27,"column":12},"end":{"line":39,"column":13}},"type":"switch","locations":[{"start":{"line":28,"column":16},"end":{"line":28,"column":23}},{"start":{"line":28,"column":24},"end":{"line":28,"column":46}},{"start":{"line":29,"column":16},"end":{"line":29,"column":72}},{"start":{"line":30,"column":16},"end":{"line":30,"column":65}},{"start":{"line":31,"column":16},"end":{"line":31,"column":65}},{"start":{"line":32,"column":16},"end":{"line":38,"column":43}}],"line":27},"16":{"loc":{"start":{"line":33,"column":20},"end":{"line":33,"column":128}},"type":"if","locations":[{"start":{"line":33,"column":20},"end":{"line":33,"column":128}},{"start":{"line":33,"column":20},"end":{"line":33,"column":128}}],"line":33},"17":{"loc":{"start":{"line":33,"column":24},"end":{"line":33,"column":106}},"type":"binary-expr","locations":[{"start":{"line":33,"column":24},"end":{"line":33,"column":74}},{"start":{"line":33,"column":79},"end":{"line":33,"column":90}},{"start":{"line":33,"column":94},"end":{"line":33,"column":105}}],"line":33},"18":{"loc":{"start":{"line":33,"column":42},"end":{"line":33,"column":73}},"type":"binary-expr","locations":[{"start":{"line":33,"column":42},"end":{"line":33,"column":54}},{"start":{"line":33,"column":58},"end":{"line":33,"column":73}}],"line":33},"19":{"loc":{"start":{"line":34,"column":20},"end":{"line":34,"column":106}},"type":"if","locations":[{"start":{"line":34,"column":20},"end":{"line":34,"column":106}},{"start":{"line":34,"column":20},"end":{"line":34,"column":106}}],"line":34},"20":{"loc":{"start":{"line":34,"column":24},"end":{"line":34,"column":77}},"type":"binary-expr","locations":[{"start":{"line":34,"column":24},"end":{"line":34,"column":35}},{"start":{"line":34,"column":40},"end":{"line":34,"column":42}},{"start":{"line":34,"column":47},"end":{"line":34,"column":59}},{"start":{"line":34,"column":63},"end":{"line":34,"column":75}}],"line":34},"21":{"loc":{"start":{"line":35,"column":20},"end":{"line":35,"column":89}},"type":"if","locations":[{"start":{"line":35,"column":20},"end":{"line":35,"column":89}},{"start":{"line":35,"column":20},"end":{"line":35,"column":89}}],"line":35},"22":{"loc":{"start":{"line":35,"column":24},"end":{"line":35,"column":53}},"type":"binary-expr","locations":[{"start":{"line":35,"column":24},"end":{"line":35,"column":35}},{"start":{"line":35,"column":39},"end":{"line":35,"column":53}}],"line":35},"23":{"loc":{"start":{"line":36,"column":20},"end":{"line":36,"column":87}},"type":"if","locations":[{"start":{"line":36,"column":20},"end":{"line":36,"column":87}},{"start":{"line":36,"column":20},"end":{"line":36,"column":87}}],"line":36},"24":{"loc":{"start":{"line":36,"column":24},"end":{"line":36,"column":43}},"type":"binary-expr","locations":[{"start":{"line":36,"column":24},"end":{"line":36,"column":25}},{"start":{"line":36,"column":29},"end":{"line":36,"column":43}}],"line":36},"25":{"loc":{"start":{"line":37,"column":20},"end":{"line":37,"column":42}},"type":"if","locations":[{"start":{"line":37,"column":20},"end":{"line":37,"column":42}},{"start":{"line":37,"column":20},"end":{"line":37,"column":42}}],"line":37},"26":{"loc":{"start":{"line":42,"column":8},"end":{"line":42,"column":35}},"type":"if","locations":[{"start":{"line":42,"column":8},"end":{"line":42,"column":35}},{"start":{"line":42,"column":8},"end":{"line":42,"column":35}}],"line":42},"27":{"loc":{"start":{"line":42,"column":52},"end":{"line":42,"column":74}},"type":"cond-expr","locations":[{"start":{"line":42,"column":60},"end":{"line":42,"column":65}},{"start":{"line":42,"column":68},"end":{"line":42,"column":74}}],"line":42},"28":{"loc":{"start":{"line":69,"column":12},"end":{"line":82,"column":13}},"type":"switch","locations":[{"start":{"line":70,"column":16},"end":{"line":74,"column":120}},{"start":{"line":75,"column":16},"end":{"line":77,"column":114}},{"start":{"line":78,"column":16},"end":{"line":80,"column":51}},{"start":{"line":81,"column":16},"end":{"line":81,"column":46}}],"line":69},"29":{"loc":{"start":{"line":77,"column":97},"end":{"line":77,"column":109}},"type":"binary-expr","locations":[{"start":{"line":77,"column":97},"end":{"line":77,"column":103}},{"start":{"line":77,"column":107},"end":{"line":77,"column":109}}],"line":77}},"s":{"0":0,"1":0,"2":0,"3":0,"4":0,"5":0,"6":0,"7":0,"8":0,"9":0,"10":0,"11":0,"12":0,"13":0,"14":0,"15":0,"16":0,"17":0,"18":0,"19":0,"20":0,"21":0,"22":0,"23":0,"24":0,"25":0,"26":0,"27":0,"28":0,"29":0,"30":0,"31":0,"32":0,"33":0,"34":0,"35":0,"36":0,"37":0,"38":0,"39":0,"40":0,"41":0,"42":0,"43":0,"44":0,"45":0,"46":0,"47":0,"48":0,"49":0,"50":0,"51":0,"52":0,"53":0,"54":0,"55":0,"56":0,"57":0,"58":0,"59":0,"60":0,"61":0,"62":0,"63":0,"64":0,"65":0,"66":0,"67":0,"68":0,"69":0,"70":0,"71":0,"72":0,"73":0,"74":0,"75":0,"76":0,"77":0,"78":0,"79":0,"80":0,"81":0,"82":0,"83":0,"84":0,"85":0,"86":0,"87":0,"88":0},"f":{"0":0,"1":0,"2":0,"3":0,"4":0,"5":0,"6":0,"7":0,"8":0,"9":0,"10":0,"11":0,"12":0,"13":0,"14":0,"15":0},"b":{"0":[0,0,0,0],"1":[0,0],"2":[0,0,0],"3":[0,0],"4":[0,0],"5":[0,0],"6":[0,0,0],"7":[0,0],"8":[0,0],"9":[0,0],"10":[0,0],"11":[0,0,0],"12":[0,0],"13":[0,0],"14":[0,0],"15":[0,0,0,0,0,0],"16":[0,0],"17":[0,0,0],"18":[0,0],"19":[0,0],"20":[0,0,0,0],"21":[0,0],"22":[0,0],"23":[0,0],"24":[0,0],"25":[0,0],"26":[0,0],"27":[0,0],"28":[0,0,0,0],"29":[0,0]}}
}
