TN:
SF:/Users/ali/dev/graphql-code-generator/packages/graphql-codegen-cli/src/cli.ts
FN:2,(anonymous_0)
FN:3,(anonymous_1)
FN:4,fulfilled
FN:5,rejected
FN:6,step
FN:6,(anonymous_5)
FN:10,(anonymous_6)
FN:11,(anonymous_7)
FN:12,(anonymous_8)
FN:13,verb
FN:13,(anonymous_10)
FN:14,step
FN:53,collect
FN:57,(anonymous_13)
FN:76,(anonymous_14)
FN:84,(anonymous_15)
FN:97,(anonymous_16)
FN:97,(anonymous_17)
FN:99,(anonymous_18)
FN:115,(anonymous_19)
FN:133,(anonymous_20)
FN:172,(anonymous_21)
FN:200,(anonymous_22)
FNF:23
FNH:17
FNDA:7,(anonymous_0)
FNDA:7,(anonymous_1)
FNDA:14,fulfilled
FNDA:0,rejected
FNDA:21,step
FNDA:14,(anonymous_5)
FNDA:7,(anonymous_6)
FNDA:14,(anonymous_7)
FNDA:0,(anonymous_8)
FNDA:21,verb
FNDA:21,(anonymous_10)
FNDA:21,step
FNDA:0,collect
FNDA:0,(anonymous_13)
FNDA:0,(anonymous_14)
FNDA:7,(anonymous_15)
FNDA:7,(anonymous_16)
FNDA:7,(anonymous_17)
FNDA:21,(anonymous_18)
FNDA:1,(anonymous_19)
FNDA:119,(anonymous_20)
FNDA:0,(anonymous_21)
FNDA:7,(anonymous_22)
DA:2,1
DA:3,7
DA:4,14
DA:5,0
DA:6,21
DA:7,7
DA:10,1
DA:11,14
DA:12,7
DA:13,21
DA:15,21
DA:16,42
DA:17,42
DA:18,42
DA:19,42
DA:20,21
DA:21,14
DA:22,0
DA:23,0
DA:25,7
DA:26,0
DA:27,0
DA:28,0
DA:29,0
DA:30,0
DA:32,21
DA:33,42
DA:34,7
DA:37,1
DA:38,1
DA:39,1
DA:40,1
DA:41,1
DA:42,1
DA:43,1
DA:44,1
DA:45,1
DA:46,1
DA:47,1
DA:48,1
DA:49,1
DA:50,1
DA:51,1
DA:52,1
DA:54,0
DA:55,0
DA:57,1
DA:58,0
DA:74,0
DA:76,1
DA:77,0
DA:78,0
DA:80,0
DA:81,0
DA:82,0
DA:84,1
DA:85,7
DA:86,7
DA:87,7
DA:88,7
DA:89,7
DA:90,7
DA:91,0
DA:93,7
DA:94,0
DA:97,7
DA:99,7
DA:100,21
DA:102,7
DA:103,7
DA:104,7
DA:105,7
DA:106,7
DA:107,7
DA:108,7
DA:109,7
DA:110,7
DA:111,7
DA:112,7
DA:113,7
DA:114,7
DA:115,7
DA:116,7
DA:117,2
DA:119,5
DA:120,0
DA:122,5
DA:123,5
DA:125,7
DA:127,7
DA:128,7
DA:129,0
DA:131,7
DA:132,7
DA:133,7
DA:134,119
DA:135,49
DA:138,7
DA:139,7
DA:140,7
DA:141,7
DA:143,7
DA:144,7
DA:145,7
DA:146,7
DA:147,7
DA:148,7
DA:149,0
DA:150,0
DA:151,0
DA:154,0
DA:158,7
DA:159,7
DA:160,7
DA:161,7
DA:162,1
DA:163,1
DA:164,1
DA:166,7
DA:167,0
DA:168,0
DA:170,0
DA:171,0
DA:172,0
DA:173,0
DA:174,0
DA:175,0
DA:176,0
DA:177,0
DA:178,0
DA:181,0
DA:185,0
DA:188,0
DA:196,7
DA:197,7
DA:201,7
DA:202,7
DA:203,7
DA:204,7
DA:205,7
DA:206,7
DA:207,7
DA:209,0
DA:210,0
DA:214,0
DA:215,0
DA:218,0
DA:222,7
DA:223,7
DA:224,7
LF:150
LH:106
BRDA:2,0,0,1
BRDA:2,0,1,1
BRDA:2,0,2,1
BRDA:3,1,0,7
BRDA:3,1,1,7
BRDA:6,2,0,7
BRDA:6,2,1,14
BRDA:7,3,0,7
BRDA:7,3,1,7
BRDA:10,4,0,1
BRDA:10,4,1,1
BRDA:10,4,2,1
BRDA:11,5,0,0
BRDA:11,5,1,14
BRDA:12,6,0,7
BRDA:12,6,1,7
BRDA:15,7,0,0
BRDA:15,7,1,21
BRDA:17,8,0,0
BRDA:17,8,1,42
BRDA:17,9,0,42
BRDA:17,9,1,0
BRDA:17,9,2,0
BRDA:17,10,0,0
BRDA:17,10,1,0
BRDA:17,11,0,0
BRDA:17,11,1,0
BRDA:18,12,0,0
BRDA:18,12,1,42
BRDA:19,13,0,21
BRDA:19,13,1,21
BRDA:19,13,2,14
BRDA:19,13,3,0
BRDA:19,13,4,0
BRDA:19,13,5,7
BRDA:25,14,0,7
BRDA:25,14,1,0
BRDA:25,15,0,7
BRDA:25,15,1,7
BRDA:25,15,2,7
BRDA:25,16,0,7
BRDA:25,16,1,0
BRDA:26,17,0,0
BRDA:26,17,1,0
BRDA:26,18,0,0
BRDA:26,18,1,0
BRDA:26,18,2,0
BRDA:26,18,3,0
BRDA:27,19,0,0
BRDA:27,19,1,0
BRDA:27,20,0,0
BRDA:27,20,1,0
BRDA:28,21,0,0
BRDA:28,21,1,0
BRDA:28,22,0,0
BRDA:28,22,1,0
BRDA:29,23,0,0
BRDA:29,23,1,0
BRDA:34,24,0,0
BRDA:34,24,1,7
BRDA:34,25,0,7
BRDA:34,25,1,0
BRDA:77,26,0,0
BRDA:77,26,1,0
BRDA:90,27,0,0
BRDA:90,27,1,7
BRDA:90,28,0,7
BRDA:90,28,1,5
BRDA:90,28,2,5
BRDA:93,29,0,0
BRDA:93,29,1,7
BRDA:93,30,0,7
BRDA:93,30,1,0
BRDA:100,31,0,7
BRDA:100,31,1,7
BRDA:100,31,2,7
BRDA:106,32,0,7
BRDA:106,32,1,7
BRDA:109,33,0,7
BRDA:109,33,1,6
BRDA:110,34,0,7
BRDA:110,34,1,7
BRDA:114,35,0,7
BRDA:114,35,1,6
BRDA:116,36,0,2
BRDA:116,36,1,5
BRDA:119,37,0,0
BRDA:119,37,1,5
BRDA:122,38,0,5
BRDA:122,38,1,0
BRDA:128,39,0,0
BRDA:128,39,1,7
BRDA:134,40,0,49
BRDA:134,40,1,70
BRDA:145,41,0,7
BRDA:145,41,1,0
BRDA:145,42,0,7
BRDA:145,42,1,7
BRDA:148,43,0,0
BRDA:148,43,1,7
BRDA:150,44,0,0
BRDA:150,44,1,0
BRDA:150,45,0,0
BRDA:150,45,1,0
BRDA:161,46,0,1
BRDA:161,46,1,6
BRDA:166,47,0,0
BRDA:166,47,1,7
BRDA:166,48,0,7
BRDA:166,48,1,0
BRDA:167,49,0,0
BRDA:167,49,1,0
BRDA:172,50,0,0
BRDA:172,50,1,0
BRDA:174,51,0,0
BRDA:174,51,1,0
BRDA:175,52,0,0
BRDA:175,52,1,0
BRDA:177,53,0,0
BRDA:177,53,1,0
BRDA:177,54,0,0
BRDA:177,54,1,0
BRDA:177,54,2,0
BRDA:196,55,0,1
BRDA:196,55,1,6
BRDA:196,56,0,1
BRDA:196,56,1,0
BRDA:202,57,0,7
BRDA:202,57,1,0
BRDA:204,58,0,7
BRDA:204,58,1,0
BRDA:206,59,0,7
BRDA:206,59,1,0
BRDA:209,60,0,0
BRDA:209,60,1,0
BRDA:214,61,0,0
BRDA:214,61,1,0
BRF:137
BRH:68
end_of_record
TN:
SF:/Users/ali/dev/graphql-code-generator/packages/graphql-codegen-cli/src/loaders/document-loader.ts
FN:7,(anonymous_0)
FN:26,(anonymous_1)
FN:27,(anonymous_2)
FNF:3
FNH:1
FNDA:0,(anonymous_0)
FNDA:7,(anonymous_1)
FNDA:0,(anonymous_2)
DA:2,1
DA:3,1
DA:4,1
DA:5,1
DA:6,1
DA:7,1
DA:8,0
DA:9,0
DA:10,0
DA:11,0
DA:12,0
DA:14,0
DA:15,0
DA:16,0
DA:19,0
DA:23,0
DA:26,1
DA:27,7
LF:18
LH:8
BRDA:8,0,0,0
BRDA:8,0,1,0
BRDA:11,1,0,0
BRDA:11,1,1,0
BRDA:11,2,0,0
BRDA:11,2,1,0
BRDA:15,3,0,0
BRDA:15,3,1,0
BRF:8
BRH:0
end_of_record
TN:
SF:/Users/ali/dev/graphql-code-generator/packages/graphql-codegen-cli/src/loaders/introspection-from-file.ts
FN:5,(anonymous_0)
FN:7,(anonymous_1)
FNF:2
FNH:2
FNDA:2,(anonymous_0)
FNDA:2,(anonymous_1)
DA:2,1
DA:3,1
DA:4,1
DA:5,1
DA:6,2
DA:7,2
DA:8,2
DA:9,2
DA:10,2
DA:11,2
DA:12,2
DA:13,0
DA:15,2
DA:16,2
DA:17,0
DA:19,2
DA:22,0
DA:26,0
LF:18
LH:14
BRDA:8,0,0,0
BRDA:8,0,1,2
BRDA:9,1,0,2
BRDA:9,1,1,0
BRDA:12,2,0,0
BRDA:12,2,1,2
BRDA:16,3,0,0
BRDA:16,3,1,2
BRF:8
BRH:4
end_of_record
TN:
SF:/Users/ali/dev/graphql-code-generator/packages/graphql-codegen-cli/src/loaders/introspection-from-url.ts
FN:2,(anonymous_0)
FN:13,(anonymous_1)
FN:16,(anonymous_2)
FN:28,(anonymous_3)
FN:29,(anonymous_4)
FN:31,(anonymous_5)
FN:38,(anonymous_6)
FN:45,(anonymous_7)
FNF:8
FNH:0
FNDA:0,(anonymous_0)
FNDA:0,(anonymous_1)
FNDA:0,(anonymous_2)
FNDA:0,(anonymous_3)
FNDA:0,(anonymous_4)
FNDA:0,(anonymous_5)
FNDA:0,(anonymous_6)
FNDA:0,(anonymous_7)
DA:2,1
DA:3,0
DA:4,0
DA:5,0
DA:6,0
DA:8,0
DA:10,1
DA:11,1
DA:12,1
DA:13,1
DA:14,0
DA:15,0
DA:17,0
DA:18,0
DA:19,0
DA:20,0
DA:21,0
DA:25,0
DA:28,0
DA:29,0
DA:30,0
DA:31,0
DA:32,0
DA:39,0
DA:40,0
DA:41,0
DA:43,0
DA:44,0
DA:45,0
DA:46,0
DA:48,0
LF:31
LH:5
BRDA:2,0,0,1
BRDA:2,0,1,1
BRDA:2,0,2,1
BRDA:2,0,3,0
BRDA:5,1,0,0
BRDA:5,1,1,0
BRDA:15,2,0,0
BRDA:15,2,1,0
BRDA:18,3,0,0
BRDA:18,3,1,0
BRDA:18,4,0,0
BRDA:18,4,1,0
BRDA:39,5,0,0
BRDA:39,5,1,0
BRDA:44,6,0,0
BRDA:44,6,1,0
BRDA:44,7,0,0
BRDA:44,7,1,0
BRDA:44,7,2,0
BRF:19
BRH:3
end_of_record
TN:
SF:/Users/ali/dev/graphql-code-generator/packages/graphql-codegen-cli/src/loaders/schema-from-export.ts
FN:6,(anonymous_0)
FN:8,(anonymous_1)
FN:50,isSchemaText
FN:53,isSchemaJson
FN:57,isSchemaObject
FN:60,isSchemaAst
FNF:6
FNH:6
FNDA:5,(anonymous_0)
FNDA:5,(anonymous_1)
FNDA:2,isSchemaText
FNDA:1,isSchemaJson
FNDA:5,isSchemaObject
FNDA:3,isSchemaAst
DA:2,1
DA:3,1
DA:4,1
DA:5,1
DA:6,1
DA:7,5
DA:8,5
DA:9,5
DA:10,5
DA:11,5
DA:12,5
DA:13,5
DA:14,5
DA:15,5
DA:16,5
DA:17,2
DA:19,3
DA:20,1
DA:22,2
DA:23,1
DA:24,1
DA:26,1
DA:27,1
DA:30,0
DA:34,0
DA:38,0
DA:42,0
DA:46,0
DA:51,2
DA:54,1
DA:55,1
DA:58,5
DA:61,3
LF:33
LH:28
BRDA:9,0,0,0
BRDA:9,0,1,5
BRDA:10,1,0,5
BRDA:10,1,1,0
BRDA:13,2,0,5
BRDA:13,2,1,0
BRDA:14,3,0,5
BRDA:14,3,1,4
BRDA:15,4,0,5
BRDA:15,4,1,0
BRDA:16,5,0,2
BRDA:16,5,1,3
BRDA:19,6,0,1
BRDA:19,6,1,2
BRDA:22,7,0,1
BRDA:22,7,1,1
BRDA:26,8,0,1
BRDA:26,8,1,0
BRDA:55,9,0,1
BRDA:55,9,1,1
BRF:20
BRH:15
end_of_record
TN:
SF:/Users/ali/dev/graphql-code-generator/packages/graphql-codegen-cli/src/loaders/templates-scanner.ts
FN:7,scanForTemplatesInPath
FN:13,(anonymous_1)
FNF:2
FNH:2
FNDA:1,scanForTemplatesInPath
FNDA:1,(anonymous_1)
DA:2,2
DA:3,2
DA:4,2
DA:5,2
DA:6,2
DA:8,1
DA:9,1
DA:10,1
DA:11,1
DA:12,1
DA:13,1
DA:14,1
DA:15,1
DA:18,2
LF:14
LH:14
BRF:0
BRH:0
end_of_record
TN:
SF:/Users/ali/dev/graphql-code-generator/packages/graphql-codegen-cli/src/utils/document-finder.ts
FN:5,(anonymous_0)
FN:23,(anonymous_1)
FNF:2
FNH:2
FNDA:5,(anonymous_0)
FNDA:4,(anonymous_1)
DA:2,2
DA:3,2
DA:4,2
DA:5,2
DA:6,5
DA:7,5
DA:8,1
DA:9,1
DA:13,4
DA:14,4
DA:19,4
DA:20,4
DA:21,0
DA:23,4
DA:24,4
DA:25,0
DA:28,4
LF:17
LH:15
BRDA:8,0,0,1
BRDA:8,0,1,0
BRDA:20,1,0,0
BRDA:20,1,1,4
BRDA:23,2,0,4
BRDA:23,2,1,0
BRDA:24,3,0,0
BRDA:24,3,1,4
BRDA:24,4,0,4
BRDA:24,4,1,4
BRF:10
BRH:6
end_of_record
TN:
SF:/Users/ali/dev/graphql-code-generator/packages/graphql-codegen-cli/src/utils/documents-glob.ts
FN:4,(anonymous_0)
FN:5,(anonymous_1)
FN:6,(anonymous_2)
FN:7,(anonymous_3)
FN:17,(anonymous_4)
FN:20,(anonymous_5)
FNF:6
FNH:2
FNDA:7,(anonymous_0)
FNDA:0,(anonymous_1)
FNDA:0,(anonymous_2)
FNDA:0,(anonymous_3)
FNDA:7,(anonymous_4)
FNDA:0,(anonymous_5)
DA:2,1
DA:3,1
DA:4,1
DA:5,7
DA:6,0
DA:7,0
DA:8,0
DA:9,0
DA:11,0
DA:12,0
DA:14,0
DA:18,7
DA:21,0
LF:13
LH:5
BRDA:8,0,0,0
BRDA:8,0,1,0
BRDA:11,1,0,0
BRDA:11,1,1,0
BRDA:11,2,0,0
BRDA:11,2,1,0
BRDA:18,3,0,7
BRDA:18,3,1,0
BRF:8
BRH:1
end_of_record
TN:
SF:/Users/ali/dev/graphql-code-generator/packages/graphql-codegen-cli/src/utils/file-exists.ts
FN:4,fileExists
FNF:1
FNH:0
FNDA:0,fileExists
DA:2,0
DA:3,0
DA:5,0
DA:6,0
DA:9,0
DA:12,0
LF:6
LH:0
BRF:0
BRH:0
end_of_record
TN:
SF:/Users/ali/dev/graphql-code-generator/packages/graphql-codegen-cli/src/utils/prettier.ts
FN:2,(anonymous_0)
FN:10,(anonymous_1)
FN:11,(anonymous_2)
FN:12,fulfilled
FN:13,rejected
FN:14,step
FN:14,(anonymous_6)
FN:18,(anonymous_7)
FN:19,(anonymous_8)
FN:20,(anonymous_9)
FN:21,verb
FN:21,(anonymous_11)
FN:22,step
FN:65,prettify
FN:66,(anonymous_14)
FN:68,(anonymous_15)
FNF:16
FNH:0
FNDA:0,(anonymous_0)
FNDA:0,(anonymous_1)
FNDA:0,(anonymous_2)
FNDA:0,fulfilled
FNDA:0,rejected
FNDA:0,step
FNDA:0,(anonymous_6)
FNDA:0,(anonymous_7)
FNDA:0,(anonymous_8)
FNDA:0,(anonymous_9)
FNDA:0,verb
FNDA:0,(anonymous_11)
FNDA:0,step
FNDA:0,prettify
FNDA:0,(anonymous_14)
FNDA:0,(anonymous_15)
DA:2,0
DA:3,0
DA:4,0
DA:5,0
DA:6,0
DA:8,0
DA:10,0
DA:11,0
DA:12,0
DA:13,0
DA:14,0
DA:15,0
DA:18,0
DA:19,0
DA:20,0
DA:21,0
DA:23,0
DA:24,0
DA:25,0
DA:26,0
DA:27,0
DA:28,0
DA:29,0
DA:30,0
DA:31,0
DA:33,0
DA:34,0
DA:35,0
DA:36,0
DA:37,0
DA:38,0
DA:40,0
DA:41,0
DA:42,0
DA:45,0
DA:46,0
DA:47,0
DA:48,0
DA:66,0
DA:68,0
DA:69,0
DA:71,0
DA:72,0
DA:73,0
DA:74,0
DA:76,0
DA:77,0
DA:79,0
DA:80,0
DA:81,0
DA:86,0
LF:51
LH:0
BRDA:2,0,0,0
BRDA:2,0,1,0
BRDA:2,0,2,0
BRDA:2,0,3,0
BRDA:5,1,0,0
BRDA:5,1,1,0
BRDA:10,2,0,0
BRDA:10,2,1,0
BRDA:10,2,2,0
BRDA:11,3,0,0
BRDA:11,3,1,0
BRDA:14,4,0,0
BRDA:14,4,1,0
BRDA:15,5,0,0
BRDA:15,5,1,0
BRDA:18,6,0,0
BRDA:18,6,1,0
BRDA:18,6,2,0
BRDA:19,7,0,0
BRDA:19,7,1,0
BRDA:20,8,0,0
BRDA:20,8,1,0
BRDA:23,9,0,0
BRDA:23,9,1,0
BRDA:25,10,0,0
BRDA:25,10,1,0
BRDA:25,11,0,0
BRDA:25,11,1,0
BRDA:25,11,2,0
BRDA:25,12,0,0
BRDA:25,12,1,0
BRDA:25,13,0,0
BRDA:25,13,1,0
BRDA:26,14,0,0
BRDA:26,14,1,0
BRDA:27,15,0,0
BRDA:27,15,1,0
BRDA:27,15,2,0
BRDA:27,15,3,0
BRDA:27,15,4,0
BRDA:27,15,5,0
BRDA:33,16,0,0
BRDA:33,16,1,0
BRDA:33,17,0,0
BRDA:33,17,1,0
BRDA:33,17,2,0
BRDA:33,18,0,0
BRDA:33,18,1,0
BRDA:34,19,0,0
BRDA:34,19,1,0
BRDA:34,20,0,0
BRDA:34,20,1,0
BRDA:34,20,2,0
BRDA:34,20,3,0
BRDA:35,21,0,0
BRDA:35,21,1,0
BRDA:35,22,0,0
BRDA:35,22,1,0
BRDA:36,23,0,0
BRDA:36,23,1,0
BRDA:36,24,0,0
BRDA:36,24,1,0
BRDA:37,25,0,0
BRDA:37,25,1,0
BRDA:42,26,0,0
BRDA:42,26,1,0
BRDA:42,27,0,0
BRDA:42,27,1,0
BRDA:69,28,0,0
BRDA:69,28,1,0
BRDA:69,28,2,0
BRDA:69,28,3,0
BRDA:77,29,0,0
BRDA:77,29,1,0
BRF:74
BRH:0
end_of_record
